{"C:\\Users\\danie\\Documents\\GitHub\\ToDo\\backend\\src\\app.controller.ts": {"path":"C:\\Users\\danie\\Documents\\GitHub\\ToDo\\backend\\src\\app.controller.ts","statementMap":{"0":{"start":{"line":1,"column":0},"end":{"line":1,"column":49}},"1":{"start":{"line":2,"column":0},"end":{"line":2,"column":43}},"2":{"start":{"line":6,"column":7},"end":{"line":13,"column":null}},"3":{"start":{"line":7,"column":33},"end":{"line":7,"column":45}},"4":{"start":{"line":11,"column":8},"end":{"line":11,"column":42}},"5":{"start":{"line":6,"column":13},"end":{"line":6,"column":26}},"6":{"start":{"line":10,"column":4},"end":{"line":12,"column":null}},"7":{"start":{"line":6,"column":13},"end":{"line":13,"column":null}}},"fnMap":{"0":{"name":"(anonymous_2)","decl":{"start":{"line":7,"column":4},"end":{"line":7,"column":33}},"loc":{"start":{"line":7,"column":55},"end":{"line":7,"column":60}}},"1":{"name":"(anonymous_3)","decl":{"start":{"line":10,"column":4},"end":{"line":10,"column":12}},"loc":{"start":{"line":10,"column":12},"end":{"line":12,"column":5}}}},"branchMap":{"0":{"loc":{"start":{"line":7,"column":45},"end":{"line":7,"column":59}},"type":"cond-expr","locations":[{"start":{"line":7,"column":55},"end":{"line":7,"column":59}},{"start":{"line":7,"column":55},"end":{"line":7,"column":59}}]},"1":{"loc":{"start":{"line":7,"column":45},"end":{"line":7,"column":55}},"type":"binary-expr","locations":[{"start":{"line":7,"column":45},"end":{"line":7,"column":59}},{"start":{"line":7,"column":45},"end":{"line":7,"column":55}}]}},"s":{"0":1,"1":1,"2":1,"3":1,"4":1,"5":1,"6":1,"7":1},"f":{"0":1,"1":1},"b":{"0":[1,0],"1":[1,1]}}
,"C:\\Users\\danie\\Documents\\GitHub\\ToDo\\backend\\src\\app.module.ts": {"path":"C:\\Users\\danie\\Documents\\GitHub\\ToDo\\backend\\src\\app.module.ts","statementMap":{"0":{"start":{"line":1,"column":0},"end":{"line":1,"column":40}},"1":{"start":{"line":2,"column":0},"end":{"line":2,"column":71}},"2":{"start":{"line":3,"column":0},"end":{"line":3,"column":59}},"3":{"start":{"line":4,"column":0},"end":{"line":4,"column":48}},"4":{"start":{"line":5,"column":0},"end":{"line":5,"column":51}},"5":{"start":{"line":6,"column":0},"end":{"line":6,"column":48}},"6":{"start":{"line":7,"column":0},"end":{"line":7,"column":49}},"7":{"start":{"line":8,"column":0},"end":{"line":8,"column":43}},"8":{"start":{"line":22,"column":7},"end":{"line":22,"column":null}},"9":{"start":{"line":22,"column":13},"end":{"line":22,"column":22}},"10":{"start":{"line":22,"column":13},"end":{"line":22,"column":null}}},"fnMap":{},"branchMap":{},"s":{"0":0,"1":0,"2":0,"3":0,"4":0,"5":0,"6":0,"7":0,"8":0,"9":0,"10":0},"f":{},"b":{}}
,"C:\\Users\\danie\\Documents\\GitHub\\ToDo\\backend\\src\\app.service.ts": {"path":"C:\\Users\\danie\\Documents\\GitHub\\ToDo\\backend\\src\\app.service.ts","statementMap":{"0":{"start":{"line":1,"column":0},"end":{"line":1,"column":44}},"1":{"start":{"line":4,"column":7},"end":{"line":8,"column":null}},"2":{"start":{"line":6,"column":8},"end":{"line":6,"column":61}},"3":{"start":{"line":4,"column":13},"end":{"line":4,"column":23}},"4":{"start":{"line":4,"column":13},"end":{"line":8,"column":null}}},"fnMap":{"0":{"name":"(anonymous_1)","decl":{"start":{"line":5,"column":4},"end":{"line":5,"column":12}},"loc":{"start":{"line":5,"column":12},"end":{"line":7,"column":5}}}},"branchMap":{},"s":{"0":1,"1":1,"2":1,"3":1,"4":1},"f":{"0":1},"b":{}}
,"C:\\Users\\danie\\Documents\\GitHub\\ToDo\\backend\\src\\main.ts": {"path":"C:\\Users\\danie\\Documents\\GitHub\\ToDo\\backend\\src\\main.ts","statementMap":{"0":{"start":{"line":1,"column":0},"end":{"line":1,"column":43}},"1":{"start":{"line":2,"column":0},"end":{"line":2,"column":41}},"2":{"start":{"line":3,"column":0},"end":{"line":3,"column":41}},"3":{"start":{"line":4,"column":0},"end":{"line":4,"column":32}},"4":{"start":{"line":6,"column":0},"end":{"line":6,"column":9}},"5":{"start":{"line":9,"column":14},"end":{"line":9,"column":49}},"6":{"start":{"line":10,"column":23},"end":{"line":10,"column":75}},"7":{"start":{"line":11,"column":21},"end":{"line":11,"column":71}},"8":{"start":{"line":12,"column":2},"end":{"line":16,"column":5}},"9":{"start":{"line":17,"column":2},"end":{"line":17,"column":26}},"10":{"start":{"line":18,"column":2},"end":{"line":18,"column":null}},"11":{"start":{"line":19,"column":2},"end":{"line":19,"column":25}},"12":{"start":{"line":21,"column":0},"end":{"line":21,"column":17}}},"fnMap":{"0":{"name":"bootstrap","decl":{"start":{"line":8,"column":15},"end":{"line":8,"column":24}},"loc":{"start":{"line":8,"column":24},"end":{"line":20,"column":1}}}},"branchMap":{"0":{"loc":{"start":{"line":10,"column":23},"end":{"line":10,"column":75}},"type":"cond-expr","locations":[{"start":{"line":10,"column":42},"end":{"line":10,"column":68}},{"start":{"line":10,"column":71},"end":{"line":10,"column":75}}]},"1":{"loc":{"start":{"line":11,"column":21},"end":{"line":11,"column":71}},"type":"binary-expr","locations":[{"start":{"line":11,"column":21},"end":{"line":11,"column":44}},{"start":{"line":11,"column":48},"end":{"line":11,"column":71}}]}},"s":{"0":0,"1":0,"2":0,"3":0,"4":0,"5":0,"6":0,"7":0,"8":0,"9":0,"10":0,"11":0,"12":0},"f":{"0":0},"b":{"0":[0,0],"1":[0,0]}}
,"C:\\Users\\danie\\Documents\\GitHub\\ToDo\\backend\\src\\auth\\auth.module.ts": {"path":"C:\\Users\\danie\\Documents\\GitHub\\ToDo\\backend\\src\\auth\\auth.module.ts","statementMap":{"0":{"start":{"line":1,"column":0},"end":{"line":1,"column":40}},"1":{"start":{"line":2,"column":0},"end":{"line":2,"column":45}},"2":{"start":{"line":3,"column":0},"end":{"line":3,"column":68}},"3":{"start":{"line":4,"column":0},"end":{"line":4,"column":53}},"4":{"start":{"line":5,"column":0},"end":{"line":5,"column":48}},"5":{"start":{"line":6,"column":0},"end":{"line":6,"column":40}},"6":{"start":{"line":7,"column":0},"end":{"line":7,"column":47}},"7":{"start":{"line":8,"column":0},"end":{"line":8,"column":47}},"8":{"start":{"line":9,"column":0},"end":{"line":9,"column":47}},"9":{"start":{"line":23,"column":7},"end":{"line":23,"column":null}},"10":{"start":{"line":23,"column":13},"end":{"line":23,"column":23}},"11":{"start":{"line":23,"column":13},"end":{"line":23,"column":null}}},"fnMap":{},"branchMap":{},"s":{"0":0,"1":0,"2":0,"3":0,"4":0,"5":0,"6":0,"7":0,"8":0,"9":0,"10":0,"11":0},"f":{},"b":{}}
,"C:\\Users\\danie\\Documents\\GitHub\\ToDo\\backend\\src\\auth\\auth.resolver.ts": {"path":"C:\\Users\\danie\\Documents\\GitHub\\ToDo\\backend\\src\\auth\\auth.resolver.ts","statementMap":{"0":{"start":{"line":1,"column":0},"end":{"line":1,"column":75}},"1":{"start":{"line":2,"column":0},"end":{"line":2,"column":44}},"2":{"start":{"line":3,"column":0},"end":{"line":3,"column":48}},"3":{"start":{"line":4,"column":0},"end":{"line":4,"column":121}},"4":{"start":{"line":5,"column":0},"end":{"line":5,"column":58}},"5":{"start":{"line":6,"column":0},"end":{"line":6,"column":61}},"6":{"start":{"line":7,"column":0},"end":{"line":7,"column":68}},"7":{"start":{"line":8,"column":0},"end":{"line":8,"column":53}},"8":{"start":{"line":11,"column":7},"end":{"line":58,"column":null}},"9":{"start":{"line":14,"column":16},"end":{"line":14,"column":29}},"10":{"start":{"line":15,"column":25},"end":{"line":15,"column":45}},"11":{"start":{"line":24,"column":24},"end":{"line":24,"column":75}},"12":{"start":{"line":25,"column":8},"end":{"line":25,"column":null}},"13":{"start":{"line":34,"column":8},"end":{"line":34,"column":64}},"14":{"start":{"line":39,"column":24},"end":{"line":39,"column":44}},"15":{"start":{"line":40,"column":8},"end":{"line":40,"column":76}},"16":{"start":{"line":45,"column":24},"end":{"line":45,"column":88}},"17":{"start":{"line":46,"column":21},"end":{"line":46,"column":74}},"18":{"start":{"line":47,"column":8},"end":{"line":49,"column":9}},"19":{"start":{"line":48,"column":12},"end":{"line":48,"column":53}},"20":{"start":{"line":50,"column":8},"end":{"line":50,"column":28}},"21":{"start":{"line":55,"column":8},"end":{"line":55,"column":41}},"22":{"start":{"line":56,"column":8},"end":{"line":56,"column":45}},"23":{"start":{"line":11,"column":13},"end":{"line":11,"column":25}},"24":{"start":{"line":20,"column":10},"end":{"line":26,"column":null}},"25":{"start":{"line":19,"column":20},"end":{"line":19,"column":29}},"26":{"start":{"line":30,"column":10},"end":{"line":35,"column":null}},"27":{"start":{"line":29,"column":20},"end":{"line":29,"column":29}},"28":{"start":{"line":38,"column":10},"end":{"line":41,"column":null}},"29":{"start":{"line":37,"column":17},"end":{"line":37,"column":37}},"30":{"start":{"line":44,"column":10},"end":{"line":51,"column":null}},"31":{"start":{"line":43,"column":17},"end":{"line":43,"column":21}},"32":{"start":{"line":54,"column":10},"end":{"line":57,"column":null}},"33":{"start":{"line":53,"column":20},"end":{"line":53,"column":26}},"34":{"start":{"line":11,"column":13},"end":{"line":58,"column":null}}},"fnMap":{"0":{"name":"(anonymous_4)","decl":{"start":{"line":13,"column":4},"end":{"line":13,"column":null}},"loc":{"start":{"line":15,"column":63},"end":{"line":16,"column":7}}},"1":{"name":"(anonymous_5)","decl":{"start":{"line":20,"column":10},"end":{"line":20,"column":15}},"loc":{"start":{"line":22,"column":55},"end":{"line":26,"column":5}}},"2":{"name":"(anonymous_6)","decl":{"start":{"line":30,"column":10},"end":{"line":30,"column":18}},"loc":{"start":{"line":32,"column":55},"end":{"line":35,"column":5}}},"3":{"name":"(anonymous_7)","decl":{"start":{"line":38,"column":10},"end":{"line":38,"column":22}},"loc":{"start":{"line":38,"column":92},"end":{"line":41,"column":5}}},"4":{"name":"(anonymous_8)","decl":{"start":{"line":44,"column":10},"end":{"line":44,"column":12}},"loc":{"start":{"line":44,"column":57},"end":{"line":51,"column":5}}},"5":{"name":"(anonymous_9)","decl":{"start":{"line":54,"column":10},"end":{"line":54,"column":16}},"loc":{"start":{"line":54,"column":64},"end":{"line":57,"column":5}}},"6":{"name":"(anonymous_10)","decl":{"start":{"line":19,"column":14},"end":{"line":19,"column":17}},"loc":{"start":{"line":19,"column":20},"end":{"line":19,"column":29}}},"7":{"name":"(anonymous_11)","decl":{"start":{"line":29,"column":14},"end":{"line":29,"column":17}},"loc":{"start":{"line":29,"column":20},"end":{"line":29,"column":29}}},"8":{"name":"(anonymous_12)","decl":{"start":{"line":37,"column":11},"end":{"line":37,"column":14}},"loc":{"start":{"line":37,"column":17},"end":{"line":37,"column":37}}},"9":{"name":"(anonymous_13)","decl":{"start":{"line":43,"column":11},"end":{"line":43,"column":14}},"loc":{"start":{"line":43,"column":17},"end":{"line":43,"column":21}}},"10":{"name":"(anonymous_14)","decl":{"start":{"line":53,"column":14},"end":{"line":53,"column":17}},"loc":{"start":{"line":53,"column":20},"end":{"line":53,"column":26}}}},"branchMap":{"0":{"loc":{"start":{"line":47,"column":8},"end":{"line":49,"column":9}},"type":"if","locations":[{"start":{"line":47,"column":8},"end":{"line":49,"column":9}},{"start":{},"end":{}}]},"1":{"loc":{"start":{"line":21,"column":28},"end":{"line":21,"column":null}},"type":"cond-expr","locations":[{"start":{"line":21,"column":36},"end":{"line":21,"column":null}},{"start":{"line":21,"column":36},"end":{"line":21,"column":null}}]},"2":{"loc":{"start":{"line":21,"column":28},"end":{"line":21,"column":36}},"type":"binary-expr","locations":[{"start":{"line":21,"column":28},"end":{"line":21,"column":null}},{"start":{"line":21,"column":28},"end":{"line":21,"column":36}}]},"3":{"loc":{"start":{"line":23,"column":7},"end":{"line":23,"column":null}},"type":"cond-expr","locations":[{"start":{"line":23,"column":14},"end":{"line":23,"column":null}},{"start":{"line":23,"column":14},"end":{"line":23,"column":null}}]},"4":{"loc":{"start":{"line":23,"column":7},"end":{"line":23,"column":14}},"type":"binary-expr","locations":[{"start":{"line":23,"column":7},"end":{"line":23,"column":null}},{"start":{"line":23,"column":7},"end":{"line":23,"column":14}}]},"5":{"loc":{"start":{"line":31,"column":28},"end":{"line":31,"column":null}},"type":"cond-expr","locations":[{"start":{"line":31,"column":41},"end":{"line":31,"column":null}},{"start":{"line":31,"column":41},"end":{"line":31,"column":null}}]},"6":{"loc":{"start":{"line":31,"column":28},"end":{"line":31,"column":41}},"type":"binary-expr","locations":[{"start":{"line":31,"column":28},"end":{"line":31,"column":null}},{"start":{"line":31,"column":28},"end":{"line":31,"column":41}}]},"7":{"loc":{"start":{"line":33,"column":7},"end":{"line":33,"column":null}},"type":"cond-expr","locations":[{"start":{"line":33,"column":14},"end":{"line":33,"column":null}},{"start":{"line":33,"column":14},"end":{"line":33,"column":null}}]},"8":{"loc":{"start":{"line":33,"column":7},"end":{"line":33,"column":14}},"type":"binary-expr","locations":[{"start":{"line":33,"column":7},"end":{"line":33,"column":null}},{"start":{"line":33,"column":7},"end":{"line":33,"column":14}}]},"9":{"loc":{"start":{"line":38,"column":95},"end":{"line":38,"column":null}},"type":"cond-expr","locations":[{"start":{"line":38,"column":102},"end":{"line":38,"column":null}},{"start":{"line":38,"column":102},"end":{"line":38,"column":null}}]},"10":{"loc":{"start":{"line":38,"column":95},"end":{"line":38,"column":102}},"type":"binary-expr","locations":[{"start":{"line":38,"column":95},"end":{"line":38,"column":null}},{"start":{"line":38,"column":95},"end":{"line":38,"column":102}}]},"11":{"loc":{"start":{"line":44,"column":60},"end":{"line":44,"column":null}},"type":"cond-expr","locations":[{"start":{"line":44,"column":67},"end":{"line":44,"column":null}},{"start":{"line":44,"column":67},"end":{"line":44,"column":null}}]},"12":{"loc":{"start":{"line":44,"column":60},"end":{"line":44,"column":67}},"type":"binary-expr","locations":[{"start":{"line":44,"column":60},"end":{"line":44,"column":null}},{"start":{"line":44,"column":60},"end":{"line":44,"column":67}}]},"13":{"loc":{"start":{"line":54,"column":67},"end":{"line":54,"column":null}},"type":"cond-expr","locations":[{"start":{"line":54,"column":74},"end":{"line":54,"column":null}},{"start":{"line":54,"column":74},"end":{"line":54,"column":null}}]},"14":{"loc":{"start":{"line":54,"column":67},"end":{"line":54,"column":74}},"type":"binary-expr","locations":[{"start":{"line":54,"column":67},"end":{"line":54,"column":null}},{"start":{"line":54,"column":67},"end":{"line":54,"column":74}}]},"15":{"loc":{"start":{"line":14,"column":29},"end":{"line":14,"column":null}},"type":"cond-expr","locations":[{"start":{"line":14,"column":40},"end":{"line":14,"column":null}},{"start":{"line":14,"column":40},"end":{"line":14,"column":null}}]},"16":{"loc":{"start":{"line":14,"column":29},"end":{"line":14,"column":40}},"type":"binary-expr","locations":[{"start":{"line":14,"column":29},"end":{"line":14,"column":null}},{"start":{"line":14,"column":29},"end":{"line":14,"column":40}}]},"17":{"loc":{"start":{"line":14,"column":40},"end":{"line":15,"column":null}},"type":"cond-expr","locations":[{"start":{"line":15,"column":63},"end":{"line":15,"column":null}},{"start":{"line":15,"column":63},"end":{"line":15,"column":null}}]},"18":{"loc":{"start":{"line":14,"column":40},"end":{"line":15,"column":63}},"type":"binary-expr","locations":[{"start":{"line":14,"column":40},"end":{"line":15,"column":null}},{"start":{"line":15,"column":45},"end":{"line":15,"column":63}}]}},"s":{"0":0,"1":0,"2":0,"3":0,"4":0,"5":0,"6":0,"7":0,"8":0,"9":0,"10":0,"11":0,"12":0,"13":0,"14":0,"15":0,"16":0,"17":0,"18":0,"19":0,"20":0,"21":0,"22":0,"23":0,"24":0,"25":0,"26":0,"27":0,"28":0,"29":0,"30":0,"31":0,"32":0,"33":0,"34":0},"f":{"0":0,"1":0,"2":0,"3":0,"4":0,"5":0,"6":0,"7":0,"8":0,"9":0,"10":0},"b":{"0":[0,0],"1":[0,0],"2":[0,0],"3":[0,0],"4":[0,0],"5":[0,0],"6":[0,0],"7":[0,0],"8":[0,0],"9":[0,0],"10":[0,0],"11":[0,0],"12":[0,0],"13":[0,0],"14":[0,0],"15":[0,0],"16":[0,0],"17":[0,0],"18":[0,0]}}
,"C:\\Users\\danie\\Documents\\GitHub\\ToDo\\backend\\src\\auth\\auth.service.ts": {"path":"C:\\Users\\danie\\Documents\\GitHub\\ToDo\\backend\\src\\auth\\auth.service.ts","statementMap":{"0":{"start":{"line":1,"column":0},"end":{"line":1,"column":88}},"1":{"start":{"line":2,"column":0},"end":{"line":2,"column":51}},"2":{"start":{"line":3,"column":0},"end":{"line":3,"column":45}},"3":{"start":{"line":4,"column":0},"end":{"line":4,"column":53}},"4":{"start":{"line":7,"column":0},"end":{"line":7,"column":74}},"5":{"start":{"line":8,"column":0},"end":{"line":8,"column":68}},"6":{"start":{"line":9,"column":0},"end":{"line":9,"column":41}},"7":{"start":{"line":10,"column":0},"end":{"line":10,"column":93}},"8":{"start":{"line":14,"column":7},"end":{"line":88,"column":null}},"9":{"start":{"line":16,"column":49},"end":{"line":16,"column":65}},"10":{"start":{"line":17,"column":25},"end":{"line":17,"column":37}},"11":{"start":{"line":18,"column":25},"end":{"line":18,"column":45}},"12":{"start":{"line":23,"column":26},"end":{"line":23,"column":30}},"13":{"start":{"line":24,"column":21},"end":{"line":24,"column":97}},"14":{"start":{"line":25,"column":8},"end":{"line":27,"column":9}},"15":{"start":{"line":26,"column":12},"end":{"line":26,"column":null}},"16":{"start":{"line":28,"column":33},"end":{"line":28,"column":87}},"17":{"start":{"line":29,"column":8},"end":{"line":29,"column":null}},"18":{"start":{"line":29,"column":31},"end":{"line":29,"column":null}},"19":{"start":{"line":31,"column":24},"end":{"line":31,"column":45}},"20":{"start":{"line":32,"column":22},"end":{"line":32,"column":62}},"21":{"start":{"line":34,"column":8},"end":{"line":34,"column":null}},"22":{"start":{"line":36,"column":8},"end":{"line":36,"column":null}},"23":{"start":{"line":41,"column":26},"end":{"line":41,"column":30}},"24":{"start":{"line":42,"column":21},"end":{"line":42,"column":95}},"25":{"start":{"line":43,"column":8},"end":{"line":48,"column":9}},"26":{"start":{"line":44,"column":12},"end":{"line":46,"column":13}},"27":{"start":{"line":45,"column":16},"end":{"line":45,"column":null}},"28":{"start":{"line":47,"column":12},"end":{"line":47,"column":null}},"29":{"start":{"line":50,"column":31},"end":{"line":50,"column":64}},"30":{"start":{"line":51,"column":8},"end":{"line":51,"column":null}},"31":{"start":{"line":52,"column":8},"end":{"line":52,"column":null}},"32":{"start":{"line":52,"column":29},"end":{"line":52,"column":null}},"33":{"start":{"line":54,"column":24},"end":{"line":54,"column":60}},"34":{"start":{"line":55,"column":8},"end":{"line":55,"column":null}},"35":{"start":{"line":55,"column":22},"end":{"line":55,"column":null}},"36":{"start":{"line":57,"column":24},"end":{"line":57,"column":45}},"37":{"start":{"line":58,"column":22},"end":{"line":58,"column":62}},"38":{"start":{"line":60,"column":8},"end":{"line":60,"column":null}},"39":{"start":{"line":62,"column":8},"end":{"line":62,"column":null}},"40":{"start":{"line":66,"column":8},"end":{"line":66,"column":92}},"41":{"start":{"line":70,"column":24},"end":{"line":70,"column":95}},"42":{"start":{"line":72,"column":21},"end":{"line":72,"column":112}},"43":{"start":{"line":74,"column":8},"end":{"line":76,"column":9}},"44":{"start":{"line":75,"column":12},"end":{"line":75,"column":69}},"45":{"start":{"line":78,"column":27},"end":{"line":78,"column":48}},"46":{"start":{"line":79,"column":25},"end":{"line":79,"column":68}},"47":{"start":{"line":80,"column":8},"end":{"line":80,"column":62}},"48":{"start":{"line":82,"column":8},"end":{"line":85,"column":10}},"49":{"start":{"line":14,"column":13},"end":{"line":14,"column":24}},"50":{"start":{"line":14,"column":13},"end":{"line":88,"column":null}}},"fnMap":{"0":{"name":"(anonymous_4)","decl":{"start":{"line":15,"column":4},"end":{"line":15,"column":null}},"loc":{"start":{"line":18,"column":63},"end":{"line":19,"column":9}}},"1":{"name":"(anonymous_5)","decl":{"start":{"line":22,"column":4},"end":{"line":22,"column":9}},"loc":{"start":{"line":22,"column":59},"end":{"line":37,"column":5}}},"2":{"name":"(anonymous_6)","decl":{"start":{"line":40,"column":4},"end":{"line":40,"column":9}},"loc":{"start":{"line":40,"column":67},"end":{"line":63,"column":5}}},"3":{"name":"(anonymous_7)","decl":{"start":{"line":65,"column":4},"end":{"line":65,"column":9}},"loc":{"start":{"line":65,"column":39},"end":{"line":67,"column":5}}},"4":{"name":"(anonymous_8)","decl":{"start":{"line":69,"column":4},"end":{"line":69,"column":9}},"loc":{"start":{"line":69,"column":88},"end":{"line":86,"column":5}}}},"branchMap":{"0":{"loc":{"start":{"line":25,"column":8},"end":{"line":27,"column":9}},"type":"if","locations":[{"start":{"line":25,"column":8},"end":{"line":27,"column":9}},{"start":{},"end":{}}]},"1":{"loc":{"start":{"line":29,"column":8},"end":{"line":29,"column":null}},"type":"if","locations":[{"start":{"line":29,"column":8},"end":{"line":29,"column":null}},{"start":{},"end":{}}]},"2":{"loc":{"start":{"line":43,"column":8},"end":{"line":48,"column":9}},"type":"if","locations":[{"start":{"line":43,"column":8},"end":{"line":48,"column":9}},{"start":{},"end":{}}]},"3":{"loc":{"start":{"line":44,"column":12},"end":{"line":46,"column":13}},"type":"if","locations":[{"start":{"line":44,"column":12},"end":{"line":46,"column":13}},{"start":{},"end":{}}]},"4":{"loc":{"start":{"line":52,"column":8},"end":{"line":52,"column":null}},"type":"if","locations":[{"start":{"line":52,"column":8},"end":{"line":52,"column":null}},{"start":{},"end":{}}]},"5":{"loc":{"start":{"line":55,"column":8},"end":{"line":55,"column":null}},"type":"if","locations":[{"start":{"line":55,"column":8},"end":{"line":55,"column":null}},{"start":{},"end":{}}]},"6":{"loc":{"start":{"line":74,"column":8},"end":{"line":76,"column":9}},"type":"if","locations":[{"start":{"line":74,"column":8},"end":{"line":76,"column":9}},{"start":{},"end":{}}]},"7":{"loc":{"start":{"line":16,"column":65},"end":{"line":16,"column":89}},"type":"cond-expr","locations":[{"start":{"line":16,"column":75},"end":{"line":16,"column":89}},{"start":{"line":16,"column":75},"end":{"line":16,"column":89}}]},"8":{"loc":{"start":{"line":16,"column":65},"end":{"line":16,"column":75}},"type":"binary-expr","locations":[{"start":{"line":16,"column":65},"end":{"line":16,"column":89}},{"start":{"line":16,"column":65},"end":{"line":16,"column":75}}]},"9":{"loc":{"start":{"line":16,"column":75},"end":{"line":17,"column":null}},"type":"cond-expr","locations":[{"start":{"line":17,"column":47},"end":{"line":17,"column":null}},{"start":{"line":17,"column":47},"end":{"line":17,"column":null}}]},"10":{"loc":{"start":{"line":16,"column":75},"end":{"line":17,"column":47}},"type":"binary-expr","locations":[{"start":{"line":16,"column":75},"end":{"line":17,"column":null}},{"start":{"line":17,"column":37},"end":{"line":17,"column":47}}]},"11":{"loc":{"start":{"line":17,"column":47},"end":{"line":18,"column":null}},"type":"cond-expr","locations":[{"start":{"line":18,"column":63},"end":{"line":18,"column":null}},{"start":{"line":18,"column":63},"end":{"line":18,"column":null}}]},"12":{"loc":{"start":{"line":17,"column":47},"end":{"line":18,"column":63}},"type":"binary-expr","locations":[{"start":{"line":17,"column":47},"end":{"line":18,"column":null}},{"start":{"line":18,"column":45},"end":{"line":18,"column":63}}]}},"s":{"0":1,"1":1,"2":1,"3":1,"4":1,"5":1,"6":1,"7":1,"8":1,"9":10,"10":10,"11":10,"12":3,"13":3,"14":3,"15":1,"16":2,"17":2,"18":1,"19":1,"20":1,"21":1,"22":1,"23":3,"24":3,"25":3,"26":2,"27":1,"28":1,"29":1,"30":1,"31":1,"32":0,"33":1,"34":1,"35":0,"36":1,"37":1,"38":1,"39":1,"40":2,"41":2,"42":2,"43":2,"44":1,"45":1,"46":1,"47":1,"48":1,"49":1,"50":1},"f":{"0":10,"1":3,"2":3,"3":2,"4":2},"b":{"0":[1,2],"1":[1,1],"2":[2,1],"3":[1,1],"4":[0,1],"5":[0,1],"6":[1,1],"7":[1,0],"8":[1,1],"9":[1,0],"10":[1,1],"11":[1,0],"12":[1,1]}}
,"C:\\Users\\danie\\Documents\\GitHub\\ToDo\\backend\\src\\auth\\JWT\\constants.ts": {"path":"C:\\Users\\danie\\Documents\\GitHub\\ToDo\\backend\\src\\auth\\JWT\\constants.ts","statementMap":{"0":{"start":{"line":1,"column":0},"end":{"line":1,"column":28}},"1":{"start":{"line":3,"column":0},"end":{"line":3,"column":16}},"2":{"start":{"line":5,"column":13},"end":{"line":7,"column":null}}},"fnMap":{},"branchMap":{},"s":{"0":1,"1":1,"2":1},"f":{},"b":{}}
,"C:\\Users\\danie\\Documents\\GitHub\\ToDo\\backend\\src\\auth\\dto\\auth-login.dto.ts": {"path":"C:\\Users\\danie\\Documents\\GitHub\\ToDo\\backend\\src\\auth\\dto\\auth-login.dto.ts","statementMap":{"0":{"start":{"line":1,"column":0},"end":{"line":1,"column":51}},"1":{"start":{"line":2,"column":0},"end":{"line":2,"column":77}},"2":{"start":{"line":5,"column":7},"end":{"line":22,"column":null}},"3":{"start":{"line":5,"column":13},"end":{"line":5,"column":21}},"4":{"start":{"line":12,"column":4},"end":{"line":12,"column":null}},"5":{"start":{"line":19,"column":4},"end":{"line":19,"column":null}},"6":{"start":{"line":5,"column":13},"end":{"line":22,"column":null}}},"fnMap":{},"branchMap":{},"s":{"0":0,"1":0,"2":0,"3":0,"4":0,"5":0,"6":0},"f":{},"b":{}}
,"C:\\Users\\danie\\Documents\\GitHub\\ToDo\\backend\\src\\auth\\guard\\auth.guard.ts": {"path":"C:\\Users\\danie\\Documents\\GitHub\\ToDo\\backend\\src\\auth\\guard\\auth.guard.ts","statementMap":{"0":{"start":{"line":1,"column":0},"end":{"line":1,"column":75}},"1":{"start":{"line":2,"column":0},"end":{"line":2,"column":54}},"2":{"start":{"line":3,"column":0},"end":{"line":3,"column":68}},"3":{"start":{"line":8,"column":7},"end":{"line":20,"column":null}},"4":{"start":{"line":9,"column":33},"end":{"line":9,"column":53}},"5":{"start":{"line":12,"column":20},"end":{"line":12,"column":55}},"6":{"start":{"line":13,"column":24},"end":{"line":13,"column":70}},"7":{"start":{"line":15,"column":24},"end":{"line":15,"column":84}},"8":{"start":{"line":16,"column":8},"end":{"line":16,"column":70}},"9":{"start":{"line":18,"column":8},"end":{"line":18,"column":20}},"10":{"start":{"line":8,"column":13},"end":{"line":8,"column":22}},"11":{"start":{"line":8,"column":13},"end":{"line":20,"column":null}}},"fnMap":{"0":{"name":"(anonymous_2)","decl":{"start":{"line":9,"column":4},"end":{"line":9,"column":33}},"loc":{"start":{"line":9,"column":71},"end":{"line":9,"column":76}}},"1":{"name":"(anonymous_3)","decl":{"start":{"line":11,"column":4},"end":{"line":11,"column":9}},"loc":{"start":{"line":11,"column":47},"end":{"line":19,"column":5}}}},"branchMap":{"0":{"loc":{"start":{"line":9,"column":53},"end":{"line":9,"column":75}},"type":"cond-expr","locations":[{"start":{"line":9,"column":71},"end":{"line":9,"column":75}},{"start":{"line":9,"column":71},"end":{"line":9,"column":75}}]},"1":{"loc":{"start":{"line":9,"column":53},"end":{"line":9,"column":71}},"type":"binary-expr","locations":[{"start":{"line":9,"column":53},"end":{"line":9,"column":75}},{"start":{"line":9,"column":53},"end":{"line":9,"column":71}}]}},"s":{"0":0,"1":0,"2":0,"3":0,"4":0,"5":0,"6":0,"7":0,"8":0,"9":0,"10":0,"11":0},"f":{"0":0,"1":0},"b":{"0":[0,0],"1":[0,0]}}
,"C:\\Users\\danie\\Documents\\GitHub\\ToDo\\backend\\src\\auth\\scripts\\auth-cookies.service.ts": {"path":"C:\\Users\\danie\\Documents\\GitHub\\ToDo\\backend\\src\\auth\\scripts\\auth-cookies.service.ts","statementMap":{"0":{"start":{"line":1,"column":0},"end":{"line":1,"column":67}},"1":{"start":{"line":2,"column":0},"end":{"line":2,"column":41}},"2":{"start":{"line":3,"column":0},"end":{"line":3,"column":47}},"3":{"start":{"line":7,"column":7},"end":{"line":43,"column":null}},"4":{"start":{"line":8,"column":33},"end":{"line":8,"column":45}},"5":{"start":{"line":11,"column":8},"end":{"line":11,"column":38}},"6":{"start":{"line":15,"column":22},"end":{"line":15,"column":58}},"7":{"start":{"line":17,"column":8},"end":{"line":19,"column":9}},"8":{"start":{"line":18,"column":12},"end":{"line":18,"column":94}},"9":{"start":{"line":21,"column":8},"end":{"line":28,"column":9}},"10":{"start":{"line":22,"column":41},"end":{"line":24,"column":14}},"11":{"start":{"line":25,"column":12},"end":{"line":25,"column":27}},"12":{"start":{"line":27,"column":12},"end":{"line":27,"column":74}},"13":{"start":{"line":32,"column":8},"end":{"line":32,"column":31}},"14":{"start":{"line":36,"column":8},"end":{"line":41,"column":11}},"15":{"start":{"line":7,"column":13},"end":{"line":7,"column":31}},"16":{"start":{"line":7,"column":13},"end":{"line":43,"column":null}}},"fnMap":{"0":{"name":"(anonymous_2)","decl":{"start":{"line":8,"column":4},"end":{"line":8,"column":33}},"loc":{"start":{"line":8,"column":55},"end":{"line":8,"column":60}}},"1":{"name":"(anonymous_3)","decl":{"start":{"line":10,"column":4},"end":{"line":10,"column":26}},"loc":{"start":{"line":10,"column":51},"end":{"line":12,"column":5}}},"2":{"name":"(anonymous_4)","decl":{"start":{"line":14,"column":4},"end":{"line":14,"column":9}},"loc":{"start":{"line":14,"column":56},"end":{"line":29,"column":5}}},"3":{"name":"(anonymous_5)","decl":{"start":{"line":31,"column":4},"end":{"line":31,"column":23}},"loc":{"start":{"line":31,"column":70},"end":{"line":33,"column":5}}},"4":{"name":"(anonymous_6)","decl":{"start":{"line":35,"column":4},"end":{"line":35,"column":18}},"loc":{"start":{"line":35,"column":57},"end":{"line":42,"column":5}}}},"branchMap":{"0":{"loc":{"start":{"line":17,"column":8},"end":{"line":19,"column":9}},"type":"if","locations":[{"start":{"line":17,"column":8},"end":{"line":19,"column":9}},{"start":{},"end":{}}]},"1":{"loc":{"start":{"line":8,"column":45},"end":{"line":8,"column":59}},"type":"cond-expr","locations":[{"start":{"line":8,"column":55},"end":{"line":8,"column":59}},{"start":{"line":8,"column":55},"end":{"line":8,"column":59}}]},"2":{"loc":{"start":{"line":8,"column":45},"end":{"line":8,"column":55}},"type":"binary-expr","locations":[{"start":{"line":8,"column":45},"end":{"line":8,"column":59}},{"start":{"line":8,"column":45},"end":{"line":8,"column":55}}]}},"s":{"0":1,"1":1,"2":1,"3":1,"4":0,"5":0,"6":0,"7":0,"8":0,"9":0,"10":0,"11":0,"12":0,"13":0,"14":0,"15":1,"16":1},"f":{"0":0,"1":0,"2":0,"3":0,"4":0},"b":{"0":[0,0],"1":[1,0],"2":[1,1]}}
,"C:\\Users\\danie\\Documents\\GitHub\\ToDo\\backend\\src\\auth\\scripts\\auth.scripts.ts": {"path":"C:\\Users\\danie\\Documents\\GitHub\\ToDo\\backend\\src\\auth\\scripts\\auth.scripts.ts","statementMap":{"0":{"start":{"line":26,"column":9},"end":{"line":26,"column":21}},"1":{"start":{"line":26,"column":23},"end":{"line":26,"column":41}},"2":{"start":{"line":26,"column":43},"end":{"line":26,"column":57}},"3":{"start":{"line":1,"column":0},"end":{"line":1,"column":33}},"4":{"start":{"line":6,"column":25},"end":{"line":6,"column":27}},"5":{"start":{"line":7,"column":17},"end":{"line":7,"column":58}},"6":{"start":{"line":8,"column":4},"end":{"line":8,"column":null}},"7":{"start":{"line":12,"column":20},"end":{"line":12,"column":66}},"8":{"start":{"line":13,"column":4},"end":{"line":13,"column":null}},"9":{"start":{"line":17,"column":4},"end":{"line":22,"column":7}}},"fnMap":{"0":{"name":"hashPassword","decl":{"start":{"line":5,"column":15},"end":{"line":5,"column":27}},"loc":{"start":{"line":5,"column":44},"end":{"line":9,"column":1}}},"1":{"name":"verifyHashPassword","decl":{"start":{"line":11,"column":15},"end":{"line":11,"column":33}},"loc":{"start":{"line":11,"column":74},"end":{"line":14,"column":1}}},"2":{"name":"setTokenCookie","decl":{"start":{"line":16,"column":9},"end":{"line":16,"column":23}},"loc":{"start":{"line":16,"column":62},"end":{"line":23,"column":1}}}},"branchMap":{},"s":{"0":3,"1":3,"2":3,"3":3,"4":2,"5":2,"6":2,"7":2,"8":2,"9":0},"f":{"0":2,"1":2,"2":0},"b":{}}
,"C:\\Users\\danie\\Documents\\GitHub\\ToDo\\backend\\src\\auth\\scripts\\auth.types.ts": {"path":"C:\\Users\\danie\\Documents\\GitHub\\ToDo\\backend\\src\\auth\\scripts\\auth.types.ts","statementMap":{"0":{"start":{"line":2,"column":0},"end":{"line":2,"column":52}},"1":{"start":{"line":28,"column":7},"end":{"line":31,"column":null}},"2":{"start":{"line":28,"column":13},"end":{"line":28,"column":22}},"3":{"start":{"line":30,"column":4},"end":{"line":30,"column":null}},"4":{"start":{"line":28,"column":13},"end":{"line":31,"column":null}},"5":{"start":{"line":34,"column":7},"end":{"line":39,"column":null}},"6":{"start":{"line":34,"column":13},"end":{"line":34,"column":33}},"7":{"start":{"line":36,"column":4},"end":{"line":36,"column":null}},"8":{"start":{"line":38,"column":4},"end":{"line":38,"column":null}},"9":{"start":{"line":34,"column":13},"end":{"line":39,"column":null}}},"fnMap":{},"branchMap":{},"s":{"0":0,"1":0,"2":0,"3":0,"4":0,"5":0,"6":0,"7":0,"8":0,"9":0},"f":{},"b":{}}
,"C:\\Users\\danie\\Documents\\GitHub\\ToDo\\backend\\src\\database-connection\\database.module.ts": {"path":"C:\\Users\\danie\\Documents\\GitHub\\ToDo\\backend\\src\\database-connection\\database.module.ts","statementMap":{"0":{"start":{"line":1,"column":0},"end":{"line":1,"column":40}},"1":{"start":{"line":2,"column":0},"end":{"line":2,"column":48}},"2":{"start":{"line":3,"column":0},"end":{"line":3,"column":51}},"3":{"start":{"line":4,"column":0},"end":{"line":4,"column":61}},"4":{"start":{"line":25,"column":7},"end":{"line":25,"column":null}},"5":{"start":{"line":25,"column":13},"end":{"line":25,"column":27}},"6":{"start":{"line":25,"column":13},"end":{"line":25,"column":null}},"7":{"start":{"line":15,"column":53},"end":{"line":18,"column":8}}},"fnMap":{"0":{"name":"(anonymous_2)","decl":{"start":{"line":15,"column":18},"end":{"line":15,"column":19}},"loc":{"start":{"line":15,"column":53},"end":{"line":18,"column":8}}}},"branchMap":{},"s":{"0":0,"1":0,"2":0,"3":0,"4":0,"5":0,"6":0,"7":0},"f":{"0":0},"b":{}}
,"C:\\Users\\danie\\Documents\\GitHub\\ToDo\\backend\\src\\database-connection\\config\\configuration.ts": {"path":"C:\\Users\\danie\\Documents\\GitHub\\ToDo\\backend\\src\\database-connection\\config\\configuration.ts","statementMap":{"0":{"start":{"line":1,"column":0},"end":{"line":13,"column":3}},"1":{"start":{"line":1,"column":22},"end":{"line":13,"column":2}}},"fnMap":{"0":{"name":"(anonymous_0)","decl":{"start":{"line":1,"column":15},"end":{"line":1,"column":18}},"loc":{"start":{"line":1,"column":22},"end":{"line":13,"column":2}}}},"branchMap":{},"s":{"0":0,"1":0},"f":{"0":0},"b":{}}
,"C:\\Users\\danie\\Documents\\GitHub\\ToDo\\backend\\src\\database-connection\\config\\data-source.ts": {"path":"C:\\Users\\danie\\Documents\\GitHub\\ToDo\\backend\\src\\database-connection\\config\\data-source.ts","statementMap":{"0":{"start":{"line":1,"column":0},"end":{"line":1,"column":37}},"1":{"start":{"line":2,"column":0},"end":{"line":2,"column":32}},"2":{"start":{"line":4,"column":0},"end":{"line":4,"column":9}},"3":{"start":{"line":6,"column":0},"end":{"line":16,"column":3}}},"fnMap":{},"branchMap":{"0":{"loc":{"start":{"line":9,"column":15},"end":{"line":9,"column":44}},"type":"binary-expr","locations":[{"start":{"line":9,"column":15},"end":{"line":9,"column":34}},{"start":{"line":9,"column":38},"end":{"line":9,"column":44}}]}},"s":{"0":0,"1":0,"2":0,"3":0},"f":{},"b":{"0":[0,0]}}
,"C:\\Users\\danie\\Documents\\GitHub\\ToDo\\backend\\src\\database-connection\\database\\1775079887893-migrations.ts": {"path":"C:\\Users\\danie\\Documents\\GitHub\\ToDo\\backend\\src\\database-connection\\database\\1775079887893-migrations.ts","statementMap":{"0":{"start":{"line":4,"column":11},"end":{"line":4,"column":36}},"1":{"start":{"line":7,"column":8},"end":{"line":7,"column":403}},"2":{"start":{"line":8,"column":8},"end":{"line":8,"column":382}},"3":{"start":{"line":9,"column":8},"end":{"line":9,"column":187}},"4":{"start":{"line":13,"column":8},"end":{"line":13,"column":103}},"5":{"start":{"line":14,"column":8},"end":{"line":14,"column":53}},"6":{"start":{"line":15,"column":8},"end":{"line":15,"column":53}},"7":{"start":{"line":3,"column":0},"end":{"line":3,"column":13}}},"fnMap":{"0":{"name":"(anonymous_0)","decl":{"start":{"line":6,"column":11},"end":{"line":6,"column":16}},"loc":{"start":{"line":6,"column":44},"end":{"line":10,"column":5}}},"1":{"name":"(anonymous_1)","decl":{"start":{"line":12,"column":11},"end":{"line":12,"column":16}},"loc":{"start":{"line":12,"column":46},"end":{"line":16,"column":5}}}},"branchMap":{},"s":{"0":0,"1":0,"2":0,"3":0,"4":0,"5":0,"6":0,"7":0},"f":{"0":0,"1":0},"b":{}}
,"C:\\Users\\danie\\Documents\\GitHub\\ToDo\\backend\\src\\graph-ql\\graph-ql.module.ts": {"path":"C:\\Users\\danie\\Documents\\GitHub\\ToDo\\backend\\src\\graph-ql\\graph-ql.module.ts","statementMap":{"0":{"start":{"line":1,"column":0},"end":{"line":1,"column":40}},"1":{"start":{"line":3,"column":0},"end":{"line":3,"column":102}},"2":{"start":{"line":4,"column":0},"end":{"line":4,"column":28}},"3":{"start":{"line":5,"column":0},"end":{"line":5,"column":66}},"4":{"start":{"line":6,"column":0},"end":{"line":6,"column":48}},"5":{"start":{"line":20,"column":7},"end":{"line":20,"column":null}},"6":{"start":{"line":20,"column":13},"end":{"line":20,"column":26}},"7":{"start":{"line":20,"column":13},"end":{"line":20,"column":null}},"8":{"start":{"line":16,"column":72},"end":{"line":16,"column":84}}},"fnMap":{"0":{"name":"(anonymous_1)","decl":{"start":{"line":16,"column":21},"end":{"line":16,"column":22}},"loc":{"start":{"line":16,"column":72},"end":{"line":16,"column":84}}}},"branchMap":{},"s":{"0":0,"1":0,"2":0,"3":0,"4":0,"5":0,"6":0,"7":0,"8":0},"f":{"0":0},"b":{}}
,"C:\\Users\\danie\\Documents\\GitHub\\ToDo\\backend\\src\\graphql\\enums\\task-status.enum.ts": {"path":"C:\\Users\\danie\\Documents\\GitHub\\ToDo\\backend\\src\\graphql\\enums\\task-status.enum.ts","statementMap":{"0":{"start":{"line":1,"column":0},"end":{"line":1,"column":51}},"1":{"start":{"line":2,"column":0},"end":{"line":2,"column":9}},"2":{"start":{"line":9,"column":9},"end":{"line":2,"column":59}},"3":{"start":{"line":4,"column":0},"end":{"line":7,"column":3}}},"fnMap":{"0":{"name":"(anonymous_0)","decl":{"start":{"line":9,"column":9},"end":{"line":9,"column":19}},"loc":{"start":{"line":9,"column":9},"end":{"line":2,"column":59}}}},"branchMap":{},"s":{"0":0,"1":0,"2":0,"3":0},"f":{"0":0},"b":{}}
,"C:\\Users\\danie\\Documents\\GitHub\\ToDo\\backend\\src\\task\\task.module.ts": {"path":"C:\\Users\\danie\\Documents\\GitHub\\ToDo\\backend\\src\\task\\task.module.ts","statementMap":{"0":{"start":{"line":1,"column":0},"end":{"line":1,"column":40}},"1":{"start":{"line":2,"column":0},"end":{"line":2,"column":45}},"2":{"start":{"line":3,"column":0},"end":{"line":3,"column":45}},"3":{"start":{"line":4,"column":0},"end":{"line":4,"column":48}},"4":{"start":{"line":5,"column":0},"end":{"line":5,"column":52}},"5":{"start":{"line":6,"column":0},"end":{"line":6,"column":47}},"6":{"start":{"line":7,"column":0},"end":{"line":7,"column":74}},"7":{"start":{"line":20,"column":7},"end":{"line":20,"column":null}},"8":{"start":{"line":20,"column":13},"end":{"line":20,"column":23}},"9":{"start":{"line":20,"column":13},"end":{"line":20,"column":null}}},"fnMap":{},"branchMap":{},"s":{"0":0,"1":0,"2":0,"3":0,"4":0,"5":0,"6":0,"7":0,"8":0,"9":0},"f":{},"b":{}}
,"C:\\Users\\danie\\Documents\\GitHub\\ToDo\\backend\\src\\task\\task.resolver.ts": {"path":"C:\\Users\\danie\\Documents\\GitHub\\ToDo\\backend\\src\\task\\task.resolver.ts","statementMap":{"0":{"start":{"line":1,"column":0},"end":{"line":1,"column":75}},"1":{"start":{"line":2,"column":0},"end":{"line":2,"column":45}},"2":{"start":{"line":3,"column":0},"end":{"line":3,"column":54}},"3":{"start":{"line":4,"column":0},"end":{"line":4,"column":54}},"4":{"start":{"line":5,"column":0},"end":{"line":5,"column":53}},"5":{"start":{"line":6,"column":0},"end":{"line":6,"column":69}},"6":{"start":{"line":7,"column":0},"end":{"line":7,"column":46}},"7":{"start":{"line":12,"column":7},"end":{"line":54,"column":null}},"8":{"start":{"line":14,"column":33},"end":{"line":14,"column":46}},"9":{"start":{"line":20,"column":8},"end":{"line":20,"column":68}},"10":{"start":{"line":26,"column":8},"end":{"line":26,"column":54}},"11":{"start":{"line":32,"column":8},"end":{"line":32,"column":58}},"12":{"start":{"line":38,"column":8},"end":{"line":38,"column":72}},"13":{"start":{"line":44,"column":8},"end":{"line":44,"column":57}},"14":{"start":{"line":50,"column":42},"end":{"line":50,"column":53}},"15":{"start":{"line":51,"column":8},"end":{"line":51,"column":82}},"16":{"start":{"line":12,"column":13},"end":{"line":12,"column":25}},"17":{"start":{"line":19,"column":4},"end":{"line":21,"column":null}},"18":{"start":{"line":18,"column":20},"end":{"line":18,"column":26}},"19":{"start":{"line":25,"column":4},"end":{"line":27,"column":null}},"20":{"start":{"line":24,"column":17},"end":{"line":24,"column":23}},"21":{"start":{"line":31,"column":4},"end":{"line":33,"column":null}},"22":{"start":{"line":30,"column":17},"end":{"line":30,"column":21}},"23":{"start":{"line":37,"column":4},"end":{"line":39,"column":null}},"24":{"start":{"line":36,"column":20},"end":{"line":36,"column":26}},"25":{"start":{"line":43,"column":4},"end":{"line":45,"column":null}},"26":{"start":{"line":42,"column":20},"end":{"line":42,"column":26}},"27":{"start":{"line":49,"column":4},"end":{"line":52,"column":null}},"28":{"start":{"line":48,"column":20},"end":{"line":48,"column":26}},"29":{"start":{"line":12,"column":13},"end":{"line":54,"column":null}}},"fnMap":{"0":{"name":"(anonymous_4)","decl":{"start":{"line":14,"column":4},"end":{"line":14,"column":33}},"loc":{"start":{"line":14,"column":57},"end":{"line":14,"column":61}}},"1":{"name":"(anonymous_5)","decl":{"start":{"line":19,"column":4},"end":{"line":19,"column":14}},"loc":{"start":{"line":19,"column":100},"end":{"line":21,"column":5}}},"2":{"name":"(anonymous_6)","decl":{"start":{"line":25,"column":4},"end":{"line":25,"column":16}},"loc":{"start":{"line":25,"column":49},"end":{"line":27,"column":5}}},"3":{"name":"(anonymous_7)","decl":{"start":{"line":31,"column":4},"end":{"line":31,"column":15}},"loc":{"start":{"line":31,"column":72},"end":{"line":33,"column":5}}},"4":{"name":"(anonymous_8)","decl":{"start":{"line":37,"column":4},"end":{"line":37,"column":14}},"loc":{"start":{"line":37,"column":124},"end":{"line":39,"column":5}}},"5":{"name":"(anonymous_9)","decl":{"start":{"line":43,"column":4},"end":{"line":43,"column":14}},"loc":{"start":{"line":43,"column":71},"end":{"line":45,"column":5}}},"6":{"name":"(anonymous_10)","decl":{"start":{"line":49,"column":4},"end":{"line":49,"column":12}},"loc":{"start":{"line":49,"column":118},"end":{"line":52,"column":5}}},"7":{"name":"(anonymous_11)","decl":{"start":{"line":18,"column":14},"end":{"line":18,"column":17}},"loc":{"start":{"line":18,"column":20},"end":{"line":18,"column":26}}},"8":{"name":"(anonymous_12)","decl":{"start":{"line":24,"column":11},"end":{"line":24,"column":14}},"loc":{"start":{"line":24,"column":17},"end":{"line":24,"column":23}}},"9":{"name":"(anonymous_13)","decl":{"start":{"line":30,"column":11},"end":{"line":30,"column":14}},"loc":{"start":{"line":30,"column":17},"end":{"line":30,"column":21}}},"10":{"name":"(anonymous_14)","decl":{"start":{"line":36,"column":14},"end":{"line":36,"column":17}},"loc":{"start":{"line":36,"column":20},"end":{"line":36,"column":26}}},"11":{"name":"(anonymous_15)","decl":{"start":{"line":42,"column":14},"end":{"line":42,"column":17}},"loc":{"start":{"line":42,"column":20},"end":{"line":42,"column":26}}},"12":{"name":"(anonymous_16)","decl":{"start":{"line":48,"column":14},"end":{"line":48,"column":17}},"loc":{"start":{"line":48,"column":20},"end":{"line":48,"column":26}}}},"branchMap":{"0":{"loc":{"start":{"line":19,"column":53},"end":{"line":19,"column":69}},"type":"cond-expr","locations":[{"start":{"line":19,"column":66},"end":{"line":19,"column":69}},{"start":{"line":19,"column":66},"end":{"line":19,"column":69}}]},"1":{"loc":{"start":{"line":19,"column":53},"end":{"line":19,"column":66}},"type":"binary-expr","locations":[{"start":{"line":19,"column":53},"end":{"line":19,"column":69}},{"start":{"line":19,"column":53},"end":{"line":19,"column":66}}]},"2":{"loc":{"start":{"line":37,"column":77},"end":{"line":37,"column":93}},"type":"cond-expr","locations":[{"start":{"line":37,"column":90},"end":{"line":37,"column":93}},{"start":{"line":37,"column":90},"end":{"line":37,"column":93}}]},"3":{"loc":{"start":{"line":37,"column":77},"end":{"line":37,"column":90}},"type":"binary-expr","locations":[{"start":{"line":37,"column":77},"end":{"line":37,"column":93}},{"start":{"line":37,"column":77},"end":{"line":37,"column":90}}]},"4":{"loc":{"start":{"line":49,"column":71},"end":{"line":49,"column":87}},"type":"cond-expr","locations":[{"start":{"line":49,"column":84},"end":{"line":49,"column":87}},{"start":{"line":49,"column":84},"end":{"line":49,"column":87}}]},"5":{"loc":{"start":{"line":49,"column":71},"end":{"line":49,"column":84}},"type":"binary-expr","locations":[{"start":{"line":49,"column":71},"end":{"line":49,"column":87}},{"start":{"line":49,"column":71},"end":{"line":49,"column":84}}]},"6":{"loc":{"start":{"line":14,"column":46},"end":{"line":14,"column":60}},"type":"cond-expr","locations":[{"start":{"line":14,"column":57},"end":{"line":14,"column":60}},{"start":{"line":14,"column":57},"end":{"line":14,"column":60}}]},"7":{"loc":{"start":{"line":14,"column":46},"end":{"line":14,"column":57}},"type":"binary-expr","locations":[{"start":{"line":14,"column":46},"end":{"line":14,"column":60}},{"start":{"line":14,"column":46},"end":{"line":14,"column":57}}]}},"s":{"0":0,"1":0,"2":0,"3":0,"4":0,"5":0,"6":0,"7":0,"8":0,"9":0,"10":0,"11":0,"12":0,"13":0,"14":0,"15":0,"16":0,"17":0,"18":0,"19":0,"20":0,"21":0,"22":0,"23":0,"24":0,"25":0,"26":0,"27":0,"28":0,"29":0},"f":{"0":0,"1":0,"2":0,"3":0,"4":0,"5":0,"6":0,"7":0,"8":0,"9":0,"10":0,"11":0,"12":0},"b":{"0":[0,0],"1":[0,0],"2":[0,0],"3":[0,0],"4":[0,0],"5":[0,0],"6":[0,0],"7":[0,0]}}
,"C:\\Users\\danie\\Documents\\GitHub\\ToDo\\backend\\src\\task\\task.service.ts": {"path":"C:\\Users\\danie\\Documents\\GitHub\\ToDo\\backend\\src\\task\\task.service.ts","statementMap":{"0":{"start":{"line":1,"column":0},"end":{"line":1,"column":44}},"1":{"start":{"line":2,"column":0},"end":{"line":2,"column":51}},"2":{"start":{"line":3,"column":0},"end":{"line":3,"column":37}},"3":{"start":{"line":6,"column":0},"end":{"line":6,"column":45}},"4":{"start":{"line":7,"column":0},"end":{"line":7,"column":52}},"5":{"start":{"line":8,"column":0},"end":{"line":8,"column":109}},"6":{"start":{"line":12,"column":7},"end":{"line":101,"column":null}},"7":{"start":{"line":15,"column":45},"end":{"line":15,"column":61}},"8":{"start":{"line":16,"column":45},"end":{"line":16,"column":61}},"9":{"start":{"line":20,"column":17},"end":{"line":20,"column":63}},"10":{"start":{"line":21,"column":4},"end":{"line":21,"column":null}},"11":{"start":{"line":21,"column":15},"end":{"line":21,"column":null}},"12":{"start":{"line":22,"column":20},"end":{"line":22,"column":52}},"13":{"start":{"line":23,"column":4},"end":{"line":27,"column":5}},"14":{"start":{"line":24,"column":6},"end":{"line":24,"column":null}},"15":{"start":{"line":26,"column":6},"end":{"line":26,"column":null}},"16":{"start":{"line":28,"column":4},"end":{"line":28,"column":null}},"17":{"start":{"line":34,"column":30},"end":{"line":34,"column":107}},"18":{"start":{"line":35,"column":4},"end":{"line":35,"column":null}},"19":{"start":{"line":35,"column":15},"end":{"line":35,"column":null}},"20":{"start":{"line":36,"column":22},"end":{"line":36,"column":26}},"21":{"start":{"line":37,"column":4},"end":{"line":37,"column":null}},"22":{"start":{"line":37,"column":16},"end":{"line":37,"column":null}},"23":{"start":{"line":38,"column":4},"end":{"line":38,"column":null}},"24":{"start":{"line":43,"column":30},"end":{"line":43,"column":103}},"25":{"start":{"line":44,"column":4},"end":{"line":44,"column":null}},"26":{"start":{"line":44,"column":15},"end":{"line":44,"column":null}},"27":{"start":{"line":45,"column":4},"end":{"line":47,"column":5}},"28":{"start":{"line":46,"column":6},"end":{"line":46,"column":null}},"29":{"start":{"line":48,"column":4},"end":{"line":48,"column":null}},"30":{"start":{"line":53,"column":30},"end":{"line":53,"column":103}},"31":{"start":{"line":54,"column":4},"end":{"line":54,"column":null}},"32":{"start":{"line":54,"column":14},"end":{"line":54,"column":null}},"33":{"start":{"line":55,"column":4},"end":{"line":57,"column":5}},"34":{"start":{"line":56,"column":6},"end":{"line":56,"column":null}},"35":{"start":{"line":58,"column":4},"end":{"line":62,"column":5}},"36":{"start":{"line":59,"column":6},"end":{"line":59,"column":null}},"37":{"start":{"line":61,"column":6},"end":{"line":61,"column":null}},"38":{"start":{"line":63,"column":4},"end":{"line":63,"column":49}},"39":{"start":{"line":68,"column":30},"end":{"line":68,"column":103}},"40":{"start":{"line":69,"column":4},"end":{"line":69,"column":null}},"41":{"start":{"line":69,"column":15},"end":{"line":69,"column":null}},"42":{"start":{"line":70,"column":4},"end":{"line":72,"column":5}},"43":{"start":{"line":71,"column":6},"end":{"line":71,"column":null}},"44":{"start":{"line":73,"column":4},"end":{"line":77,"column":5}},"45":{"start":{"line":74,"column":6},"end":{"line":74,"column":null}},"46":{"start":{"line":76,"column":6},"end":{"line":76,"column":null}},"47":{"start":{"line":78,"column":4},"end":{"line":78,"column":null}},"48":{"start":{"line":82,"column":30},"end":{"line":82,"column":103}},"49":{"start":{"line":83,"column":4},"end":{"line":83,"column":null}},"50":{"start":{"line":83,"column":15},"end":{"line":83,"column":null}},"51":{"start":{"line":86,"column":4},"end":{"line":88,"column":5}},"52":{"start":{"line":87,"column":6},"end":{"line":87,"column":null}},"53":{"start":{"line":90,"column":4},"end":{"line":98,"column":5}},"54":{"start":{"line":91,"column":6},"end":{"line":95,"column":null}},"55":{"start":{"line":97,"column":6},"end":{"line":97,"column":null}},"56":{"start":{"line":99,"column":4},"end":{"line":99,"column":null}},"57":{"start":{"line":12,"column":13},"end":{"line":12,"column":24}},"58":{"start":{"line":12,"column":13},"end":{"line":101,"column":null}}},"fnMap":{"0":{"name":"(anonymous_4)","decl":{"start":{"line":14,"column":2},"end":{"line":14,"column":null}},"loc":{"start":{"line":16,"column":77},"end":{"line":16,"column":82}}},"1":{"name":"(anonymous_5)","decl":{"start":{"line":19,"column":2},"end":{"line":19,"column":7}},"loc":{"start":{"line":19,"column":77},"end":{"line":29,"column":3}}},"2":{"name":"(anonymous_6)","decl":{"start":{"line":33,"column":2},"end":{"line":33,"column":7}},"loc":{"start":{"line":33,"column":48},"end":{"line":39,"column":3}}},"3":{"name":"(anonymous_7)","decl":{"start":{"line":42,"column":2},"end":{"line":42,"column":7}},"loc":{"start":{"line":42,"column":60},"end":{"line":49,"column":3}}},"4":{"name":"(anonymous_8)","decl":{"start":{"line":52,"column":2},"end":{"line":52,"column":7}},"loc":{"start":{"line":52,"column":89},"end":{"line":64,"column":3}}},"5":{"name":"(anonymous_9)","decl":{"start":{"line":67,"column":2},"end":{"line":67,"column":7}},"loc":{"start":{"line":67,"column":59},"end":{"line":79,"column":3}}},"6":{"name":"(anonymous_10)","decl":{"start":{"line":81,"column":2},"end":{"line":81,"column":7}},"loc":{"start":{"line":81,"column":149},"end":{"line":100,"column":3}}}},"branchMap":{"0":{"loc":{"start":{"line":21,"column":4},"end":{"line":21,"column":null}},"type":"if","locations":[{"start":{"line":21,"column":4},"end":{"line":21,"column":null}},{"start":{},"end":{}}]},"1":{"loc":{"start":{"line":35,"column":4},"end":{"line":35,"column":null}},"type":"if","locations":[{"start":{"line":35,"column":4},"end":{"line":35,"column":null}},{"start":{},"end":{}}]},"2":{"loc":{"start":{"line":37,"column":4},"end":{"line":37,"column":null}},"type":"if","locations":[{"start":{"line":37,"column":4},"end":{"line":37,"column":null}},{"start":{},"end":{}}]},"3":{"loc":{"start":{"line":44,"column":4},"end":{"line":44,"column":null}},"type":"if","locations":[{"start":{"line":44,"column":4},"end":{"line":44,"column":null}},{"start":{},"end":{}}]},"4":{"loc":{"start":{"line":45,"column":4},"end":{"line":47,"column":5}},"type":"if","locations":[{"start":{"line":45,"column":4},"end":{"line":47,"column":5}},{"start":{},"end":{}}]},"5":{"loc":{"start":{"line":54,"column":4},"end":{"line":54,"column":null}},"type":"if","locations":[{"start":{"line":54,"column":4},"end":{"line":54,"column":null}},{"start":{},"end":{}}]},"6":{"loc":{"start":{"line":55,"column":4},"end":{"line":57,"column":5}},"type":"if","locations":[{"start":{"line":55,"column":4},"end":{"line":57,"column":5}},{"start":{},"end":{}}]},"7":{"loc":{"start":{"line":69,"column":4},"end":{"line":69,"column":null}},"type":"if","locations":[{"start":{"line":69,"column":4},"end":{"line":69,"column":null}},{"start":{},"end":{}}]},"8":{"loc":{"start":{"line":70,"column":4},"end":{"line":72,"column":5}},"type":"if","locations":[{"start":{"line":70,"column":4},"end":{"line":72,"column":5}},{"start":{},"end":{}}]},"9":{"loc":{"start":{"line":83,"column":4},"end":{"line":83,"column":null}},"type":"if","locations":[{"start":{"line":83,"column":4},"end":{"line":83,"column":null}},{"start":{},"end":{}}]},"10":{"loc":{"start":{"line":86,"column":4},"end":{"line":88,"column":5}},"type":"if","locations":[{"start":{"line":86,"column":4},"end":{"line":88,"column":5}},{"start":{},"end":{}}]},"11":{"loc":{"start":{"line":93,"column":25},"end":{"line":93,"column":75}},"type":"cond-expr","locations":[{"start":{"line":93,"column":41},"end":{"line":93,"column":54}},{"start":{"line":93,"column":57},"end":{"line":93,"column":75}}]},"12":{"loc":{"start":{"line":94,"column":18},"end":{"line":94,"column":47}},"type":"cond-expr","locations":[{"start":{"line":94,"column":27},"end":{"line":94,"column":33}},{"start":{"line":94,"column":36},"end":{"line":94,"column":47}}]},"13":{"loc":{"start":{"line":15,"column":61},"end":{"line":15,"column":77}},"type":"cond-expr","locations":[{"start":{"line":15,"column":71},"end":{"line":15,"column":77}},{"start":{"line":15,"column":71},"end":{"line":15,"column":77}}]},"14":{"loc":{"start":{"line":15,"column":61},"end":{"line":15,"column":71}},"type":"binary-expr","locations":[{"start":{"line":15,"column":61},"end":{"line":15,"column":77}},{"start":{"line":15,"column":61},"end":{"line":15,"column":71}}]},"15":{"loc":{"start":{"line":15,"column":71},"end":{"line":16,"column":77}},"type":"cond-expr","locations":[{"start":{"line":16,"column":71},"end":{"line":16,"column":77}},{"start":{"line":16,"column":71},"end":{"line":16,"column":77}}]},"16":{"loc":{"start":{"line":15,"column":71},"end":{"line":16,"column":71}},"type":"binary-expr","locations":[{"start":{"line":15,"column":71},"end":{"line":16,"column":77}},{"start":{"line":16,"column":61},"end":{"line":16,"column":71}}]}},"s":{"0":1,"1":1,"2":1,"3":1,"4":1,"5":1,"6":1,"7":13,"8":13,"9":2,"10":2,"11":1,"12":1,"13":1,"14":1,"15":0,"16":1,"17":2,"18":2,"19":1,"20":1,"21":1,"22":0,"23":1,"24":3,"25":3,"26":1,"27":2,"28":1,"29":1,"30":2,"31":2,"32":0,"33":2,"34":1,"35":1,"36":1,"37":0,"38":1,"39":2,"40":2,"41":0,"42":2,"43":1,"44":1,"45":1,"46":0,"47":1,"48":2,"49":2,"50":0,"51":2,"52":0,"53":2,"54":2,"55":0,"56":2,"57":1,"58":1},"f":{"0":13,"1":2,"2":2,"3":3,"4":2,"5":2,"6":2},"b":{"0":[1,1],"1":[1,1],"2":[0,1],"3":[1,2],"4":[1,1],"5":[0,2],"6":[1,1],"7":[0,2],"8":[1,1],"9":[0,2],"10":[0,2],"11":[2,0],"12":[1,1],"13":[1,0],"14":[1,1],"15":[1,0],"16":[1,1]}}
,"C:\\Users\\danie\\Documents\\GitHub\\ToDo\\backend\\src\\task\\dto\\create-task.dto.ts": {"path":"C:\\Users\\danie\\Documents\\GitHub\\ToDo\\backend\\src\\task\\dto\\create-task.dto.ts","statementMap":{"0":{"start":{"line":1,"column":0},"end":{"line":1,"column":86}},"1":{"start":{"line":2,"column":0},"end":{"line":2,"column":65}},"2":{"start":{"line":3,"column":0},"end":{"line":3,"column":56}},"3":{"start":{"line":7,"column":7},"end":{"line":31,"column":null}},"4":{"start":{"line":26,"column":25},"end":{"line":26,"column":45}},"5":{"start":{"line":29,"column":28},"end":{"line":29,"column":29}},"6":{"start":{"line":7,"column":13},"end":{"line":7,"column":26}},"7":{"start":{"line":14,"column":4},"end":{"line":14,"column":null}},"8":{"start":{"line":18,"column":4},"end":{"line":18,"column":null}},"9":{"start":{"line":23,"column":4},"end":{"line":23,"column":null}},"10":{"start":{"line":26,"column":4},"end":{"line":26,"column":null}},"11":{"start":{"line":25,"column":17},"end":{"line":25,"column":23}},"12":{"start":{"line":29,"column":4},"end":{"line":29,"column":null}},"13":{"start":{"line":28,"column":17},"end":{"line":28,"column":20}},"14":{"start":{"line":7,"column":13},"end":{"line":31,"column":null}}},"fnMap":{"0":{"name":"(anonymous_2)","decl":{"start":{"line":25,"column":11},"end":{"line":25,"column":14}},"loc":{"start":{"line":25,"column":17},"end":{"line":25,"column":23}}},"1":{"name":"(anonymous_3)","decl":{"start":{"line":28,"column":11},"end":{"line":28,"column":14}},"loc":{"start":{"line":28,"column":17},"end":{"line":28,"column":20}}}},"branchMap":{"0":{"loc":{"start":{"line":18,"column":15},"end":{"line":18,"column":29}},"type":"cond-expr","locations":[{"start":{"line":18,"column":28},"end":{"line":18,"column":29}},{"start":{"line":18,"column":28},"end":{"line":18,"column":29}}]},"1":{"loc":{"start":{"line":18,"column":15},"end":{"line":18,"column":28}},"type":"binary-expr","locations":[{"start":{"line":18,"column":15},"end":{"line":18,"column":29}},{"start":{"line":18,"column":15},"end":{"line":18,"column":28}}]},"2":{"loc":{"start":{"line":26,"column":12},"end":{"line":26,"column":25}},"type":"cond-expr","locations":[{"start":{"line":26,"column":22},"end":{"line":26,"column":25}},{"start":{"line":26,"column":22},"end":{"line":26,"column":25}}]},"3":{"loc":{"start":{"line":26,"column":12},"end":{"line":26,"column":22}},"type":"binary-expr","locations":[{"start":{"line":26,"column":12},"end":{"line":26,"column":25}},{"start":{"line":26,"column":12},"end":{"line":26,"column":22}}]}},"s":{"0":0,"1":0,"2":0,"3":0,"4":0,"5":0,"6":0,"7":0,"8":0,"9":0,"10":0,"11":0,"12":0,"13":0,"14":0},"f":{"0":0,"1":0},"b":{"0":[0,0],"1":[0,0],"2":[0,0],"3":[0,0]}}
,"C:\\Users\\danie\\Documents\\GitHub\\ToDo\\backend\\src\\task\\dto\\update-task.dto.ts": {"path":"C:\\Users\\danie\\Documents\\GitHub\\ToDo\\backend\\src\\task\\dto\\update-task.dto.ts","statementMap":{"0":{"start":{"line":1,"column":0},"end":{"line":1,"column":57}},"1":{"start":{"line":2,"column":0},"end":{"line":2,"column":50}},"2":{"start":{"line":5,"column":7},"end":{"line":5,"column":null}},"3":{"start":{"line":5,"column":13},"end":{"line":5,"column":26}},"4":{"start":{"line":5,"column":13},"end":{"line":5,"column":null}}},"fnMap":{},"branchMap":{},"s":{"0":0,"1":0,"2":0,"3":0,"4":0},"f":{},"b":{}}
,"C:\\Users\\danie\\Documents\\GitHub\\ToDo\\backend\\src\\task\\entities\\task.entity.ts": {"path":"C:\\Users\\danie\\Documents\\GitHub\\ToDo\\backend\\src\\task\\entities\\task.entity.ts","statementMap":{"0":{"start":{"line":1,"column":0},"end":{"line":1,"column":106}},"1":{"start":{"line":2,"column":0},"end":{"line":2,"column":61}},"2":{"start":{"line":3,"column":0},"end":{"line":3,"column":55}},"3":{"start":{"line":4,"column":0},"end":{"line":4,"column":66}},"4":{"start":{"line":8,"column":7},"end":{"line":40,"column":null}},"5":{"start":{"line":32,"column":29},"end":{"line":32,"column":49}},"6":{"start":{"line":36,"column":32},"end":{"line":36,"column":33}},"7":{"start":{"line":8,"column":13},"end":{"line":8,"column":17}},"8":{"start":{"line":12,"column":8},"end":{"line":12,"column":null}},"9":{"start":{"line":11,"column":22},"end":{"line":11,"column":24}},"10":{"start":{"line":16,"column":8},"end":{"line":16,"column":null}},"11":{"start":{"line":14,"column":25},"end":{"line":14,"column":29}},"12":{"start":{"line":14,"column":41},"end":{"line":14,"column":51}},"13":{"start":{"line":20,"column":8},"end":{"line":20,"column":null}},"14":{"start":{"line":19,"column":22},"end":{"line":19,"column":28}},"15":{"start":{"line":24,"column":8},"end":{"line":24,"column":null}},"16":{"start":{"line":28,"column":8},"end":{"line":28,"column":null}},"17":{"start":{"line":27,"column":22},"end":{"line":27,"column":28}},"18":{"start":{"line":32,"column":8},"end":{"line":32,"column":null}},"19":{"start":{"line":31,"column":21},"end":{"line":31,"column":27}},"20":{"start":{"line":36,"column":8},"end":{"line":36,"column":null}},"21":{"start":{"line":35,"column":21},"end":{"line":35,"column":24}},"22":{"start":{"line":39,"column":8},"end":{"line":39,"column":null}},"23":{"start":{"line":8,"column":13},"end":{"line":40,"column":null}}},"fnMap":{"0":{"name":"(anonymous_2)","decl":{"start":{"line":11,"column":16},"end":{"line":11,"column":19}},"loc":{"start":{"line":11,"column":22},"end":{"line":11,"column":24}}},"1":{"name":"(anonymous_3)","decl":{"start":{"line":14,"column":19},"end":{"line":14,"column":22}},"loc":{"start":{"line":14,"column":25},"end":{"line":14,"column":29}}},"2":{"name":"(anonymous_4)","decl":{"start":{"line":14,"column":31},"end":{"line":14,"column":32}},"loc":{"start":{"line":14,"column":41},"end":{"line":14,"column":51}}},"3":{"name":"(anonymous_5)","decl":{"start":{"line":19,"column":16},"end":{"line":19,"column":19}},"loc":{"start":{"line":19,"column":22},"end":{"line":19,"column":28}}},"4":{"name":"(anonymous_6)","decl":{"start":{"line":27,"column":16},"end":{"line":27,"column":19}},"loc":{"start":{"line":27,"column":22},"end":{"line":27,"column":28}}},"5":{"name":"(anonymous_7)","decl":{"start":{"line":31,"column":15},"end":{"line":31,"column":18}},"loc":{"start":{"line":31,"column":21},"end":{"line":31,"column":27}}},"6":{"name":"(anonymous_8)","decl":{"start":{"line":35,"column":15},"end":{"line":35,"column":18}},"loc":{"start":{"line":35,"column":21},"end":{"line":35,"column":24}}}},"branchMap":{"0":{"loc":{"start":{"line":16,"column":15},"end":{"line":16,"column":20}},"type":"cond-expr","locations":[{"start":{"line":16,"column":19},"end":{"line":16,"column":20}},{"start":{"line":16,"column":19},"end":{"line":16,"column":20}}]},"1":{"loc":{"start":{"line":16,"column":15},"end":{"line":16,"column":19}},"type":"binary-expr","locations":[{"start":{"line":16,"column":15},"end":{"line":16,"column":20}},{"start":{"line":16,"column":15},"end":{"line":16,"column":19}}]},"2":{"loc":{"start":{"line":24,"column":19},"end":{"line":24,"column":33}},"type":"cond-expr","locations":[{"start":{"line":24,"column":32},"end":{"line":24,"column":33}},{"start":{"line":24,"column":32},"end":{"line":24,"column":33}}]},"3":{"loc":{"start":{"line":24,"column":19},"end":{"line":24,"column":32}},"type":"binary-expr","locations":[{"start":{"line":24,"column":19},"end":{"line":24,"column":33}},{"start":{"line":24,"column":19},"end":{"line":24,"column":32}}]},"4":{"loc":{"start":{"line":32,"column":16},"end":{"line":32,"column":29}},"type":"cond-expr","locations":[{"start":{"line":32,"column":26},"end":{"line":32,"column":29}},{"start":{"line":32,"column":26},"end":{"line":32,"column":29}}]},"5":{"loc":{"start":{"line":32,"column":16},"end":{"line":32,"column":26}},"type":"binary-expr","locations":[{"start":{"line":32,"column":16},"end":{"line":32,"column":29}},{"start":{"line":32,"column":16},"end":{"line":32,"column":26}}]}},"s":{"0":4,"1":4,"2":4,"3":4,"4":4,"5":0,"6":0,"7":4,"8":4,"9":0,"10":4,"11":0,"12":0,"13":4,"14":0,"15":4,"16":4,"17":0,"18":4,"19":0,"20":4,"21":0,"22":4,"23":4},"f":{"0":0,"1":0,"2":0,"3":0,"4":0,"5":0,"6":0},"b":{"0":[1,3],"1":[4,1],"2":[0,4],"3":[4,4],"4":[0,4],"5":[4,4]}}
,"C:\\Users\\danie\\Documents\\GitHub\\ToDo\\backend\\src\\task\\scripts\\task.scripts.ts": {"path":"C:\\Users\\danie\\Documents\\GitHub\\ToDo\\backend\\src\\task\\scripts\\task.scripts.ts","statementMap":{"0":{"start":{"line":4,"column":0},"end":{"line":4,"column":106}},"1":{"start":{"line":7,"column":27},"end":{"line":9,"column":1}},"2":{"start":{"line":8,"column":4},"end":{"line":8,"column":null}},"3":{"start":{"line":19,"column":9},"end":{"line":19,"column":27}},"4":{"start":{"line":11,"column":34},"end":{"line":13,"column":1}},"5":{"start":{"line":12,"column":4},"end":{"line":12,"column":null}},"6":{"start":{"line":19,"column":29},"end":{"line":19,"column":54}},"7":{"start":{"line":15,"column":29},"end":{"line":17,"column":1}},"8":{"start":{"line":16,"column":4},"end":{"line":16,"column":null}},"9":{"start":{"line":19,"column":56},"end":{"line":19,"column":76}}},"fnMap":{"0":{"name":"(anonymous_0)","decl":{"start":{"line":7,"column":27},"end":{"line":7,"column":28}},"loc":{"start":{"line":7,"column":54},"end":{"line":9,"column":1}}},"1":{"name":"(anonymous_1)","decl":{"start":{"line":11,"column":34},"end":{"line":11,"column":35}},"loc":{"start":{"line":11,"column":61},"end":{"line":13,"column":1}}},"2":{"name":"(anonymous_2)","decl":{"start":{"line":15,"column":29},"end":{"line":15,"column":30}},"loc":{"start":{"line":15,"column":56},"end":{"line":17,"column":1}}}},"branchMap":{},"s":{"0":2,"1":2,"2":4,"3":2,"4":2,"5":0,"6":2,"7":2,"8":3,"9":2},"f":{"0":4,"1":0,"2":3},"b":{}}
,"C:\\Users\\danie\\Documents\\GitHub\\ToDo\\backend\\src\\task\\scripts\\task.types.ts": {"path":"C:\\Users\\danie\\Documents\\GitHub\\ToDo\\backend\\src\\task\\scripts\\task.types.ts","statementMap":{"0":{"start":{"line":4,"column":0},"end":{"line":4,"column":null}},"1":{"start":{"line":5,"column":4},"end":{"line":5,"column":null}},"2":{"start":{"line":6,"column":4},"end":{"line":6,"column":null}},"3":{"start":{"line":7,"column":4},"end":{"line":7,"column":null}},"4":{"start":{"line":8,"column":4},"end":{"line":8,"column":null}},"5":{"start":{"line":11,"column":0},"end":{"line":11,"column":null}},"6":{"start":{"line":12,"column":4},"end":{"line":12,"column":null}},"7":{"start":{"line":13,"column":4},"end":{"line":13,"column":null}},"8":{"start":{"line":14,"column":4},"end":{"line":14,"column":null}},"9":{"start":{"line":15,"column":4},"end":{"line":15,"column":null}}},"fnMap":{"0":{"name":"(anonymous_0)","decl":{"start":{"line":4,"column":0},"end":{"line":4,"column":12}},"loc":{"start":{"line":4,"column":25},"end":{"line":9,"column":1}}},"1":{"name":"(anonymous_1)","decl":{"start":{"line":11,"column":0},"end":{"line":11,"column":12}},"loc":{"start":{"line":11,"column":22},"end":{"line":16,"column":1}}}},"branchMap":{"0":{"loc":{"start":{"line":4,"column":12},"end":{"line":4,"column":null}},"type":"binary-expr","locations":[{"start":{"line":4,"column":12},"end":{"line":4,"column":25}},{"start":{"line":4,"column":25},"end":{"line":4,"column":null}}]},"1":{"loc":{"start":{"line":11,"column":12},"end":{"line":11,"column":null}},"type":"binary-expr","locations":[{"start":{"line":11,"column":12},"end":{"line":11,"column":22}},{"start":{"line":11,"column":22},"end":{"line":11,"column":null}}]}},"s":{"0":4,"1":4,"2":4,"3":4,"4":4,"5":4,"6":4,"7":4,"8":4,"9":4},"f":{"0":4,"1":4},"b":{"0":[4,4],"1":[4,4]}}
,"C:\\Users\\danie\\Documents\\GitHub\\ToDo\\backend\\src\\users\\users.controller.ts": {"path":"C:\\Users\\danie\\Documents\\GitHub\\ToDo\\backend\\src\\users\\users.controller.ts","statementMap":{"0":{"start":{"line":1,"column":0},"end":{"line":1,"column":59}},"1":{"start":{"line":2,"column":0},"end":{"line":2,"column":47}},"2":{"start":{"line":5,"column":7},"end":{"line":14,"column":null}},"3":{"start":{"line":7,"column":33},"end":{"line":7,"column":47}},"4":{"start":{"line":12,"column":8},"end":{"line":12,"column":48}},"5":{"start":{"line":5,"column":13},"end":{"line":5,"column":28}},"6":{"start":{"line":11,"column":4},"end":{"line":13,"column":null}},"7":{"start":{"line":5,"column":13},"end":{"line":14,"column":null}}},"fnMap":{"0":{"name":"(anonymous_4)","decl":{"start":{"line":7,"column":4},"end":{"line":7,"column":33}},"loc":{"start":{"line":7,"column":59},"end":{"line":7,"column":64}}},"1":{"name":"(anonymous_5)","decl":{"start":{"line":11,"column":4},"end":{"line":11,"column":18}},"loc":{"start":{"line":11,"column":42},"end":{"line":13,"column":5}}}},"branchMap":{"0":{"loc":{"start":{"line":7,"column":47},"end":{"line":7,"column":63}},"type":"cond-expr","locations":[{"start":{"line":7,"column":59},"end":{"line":7,"column":63}},{"start":{"line":7,"column":59},"end":{"line":7,"column":63}}]},"1":{"loc":{"start":{"line":7,"column":47},"end":{"line":7,"column":59}},"type":"binary-expr","locations":[{"start":{"line":7,"column":47},"end":{"line":7,"column":63}},{"start":{"line":7,"column":47},"end":{"line":7,"column":59}}]}},"s":{"0":1,"1":1,"2":1,"3":2,"4":2,"5":1,"6":1,"7":1},"f":{"0":2,"1":2},"b":{"0":[1,0],"1":[1,1]}}
,"C:\\Users\\danie\\Documents\\GitHub\\ToDo\\backend\\src\\users\\users.module.ts": {"path":"C:\\Users\\danie\\Documents\\GitHub\\ToDo\\backend\\src\\users\\users.module.ts","statementMap":{"0":{"start":{"line":1,"column":0},"end":{"line":1,"column":40}},"1":{"start":{"line":2,"column":0},"end":{"line":2,"column":47}},"2":{"start":{"line":3,"column":0},"end":{"line":3,"column":48}},"3":{"start":{"line":4,"column":0},"end":{"line":4,"column":48}},"4":{"start":{"line":5,"column":0},"end":{"line":5,"column":49}},"5":{"start":{"line":6,"column":0},"end":{"line":6,"column":53}},"6":{"start":{"line":7,"column":0},"end":{"line":7,"column":46}},"7":{"start":{"line":8,"column":0},"end":{"line":8,"column":52}},"8":{"start":{"line":18,"column":7},"end":{"line":18,"column":null}},"9":{"start":{"line":18,"column":13},"end":{"line":18,"column":24}},"10":{"start":{"line":18,"column":13},"end":{"line":18,"column":null}}},"fnMap":{},"branchMap":{},"s":{"0":0,"1":0,"2":0,"3":0,"4":0,"5":0,"6":0,"7":0,"8":0,"9":0,"10":0},"f":{},"b":{}}
,"C:\\Users\\danie\\Documents\\GitHub\\ToDo\\backend\\src\\users\\users.resolver.ts": {"path":"C:\\Users\\danie\\Documents\\GitHub\\ToDo\\backend\\src\\users\\users.resolver.ts","statementMap":{"0":{"start":{"line":1,"column":0},"end":{"line":1,"column":66}},"1":{"start":{"line":2,"column":0},"end":{"line":2,"column":47}},"2":{"start":{"line":3,"column":0},"end":{"line":3,"column":45}},"3":{"start":{"line":4,"column":0},"end":{"line":4,"column":54}},"4":{"start":{"line":5,"column":0},"end":{"line":5,"column":58}},"5":{"start":{"line":8,"column":7},"end":{"line":49,"column":null}},"6":{"start":{"line":11,"column":33},"end":{"line":11,"column":47}},"7":{"start":{"line":16,"column":8},"end":{"line":16,"column":48}},"8":{"start":{"line":22,"column":8},"end":{"line":22,"column":49}},"9":{"start":{"line":28,"column":8},"end":{"line":28,"column":54}},"10":{"start":{"line":34,"column":8},"end":{"line":34,"column":52}},"11":{"start":{"line":40,"column":8},"end":{"line":40,"column":null}},"12":{"start":{"line":46,"column":8},"end":{"line":46,"column":48}},"13":{"start":{"line":8,"column":13},"end":{"line":8,"column":26}},"14":{"start":{"line":15,"column":4},"end":{"line":17,"column":null}},"15":{"start":{"line":14,"column":17},"end":{"line":14,"column":23}},"16":{"start":{"line":21,"column":4},"end":{"line":23,"column":null}},"17":{"start":{"line":20,"column":17},"end":{"line":20,"column":21}},"18":{"start":{"line":27,"column":4},"end":{"line":29,"column":null}},"19":{"start":{"line":26,"column":20},"end":{"line":26,"column":26}},"20":{"start":{"line":33,"column":4},"end":{"line":35,"column":null}},"21":{"start":{"line":32,"column":20},"end":{"line":32,"column":26}},"22":{"start":{"line":39,"column":4},"end":{"line":41,"column":null}},"23":{"start":{"line":38,"column":20},"end":{"line":38,"column":26}},"24":{"start":{"line":45,"column":10},"end":{"line":47,"column":null}},"25":{"start":{"line":44,"column":20},"end":{"line":44,"column":26}},"26":{"start":{"line":8,"column":13},"end":{"line":49,"column":null}}},"fnMap":{"0":{"name":"(anonymous_4)","decl":{"start":{"line":11,"column":4},"end":{"line":11,"column":33}},"loc":{"start":{"line":11,"column":59},"end":{"line":11,"column":64}}},"1":{"name":"(anonymous_5)","decl":{"start":{"line":15,"column":4},"end":{"line":15,"column":16}},"loc":{"start":{"line":15,"column":16},"end":{"line":17,"column":5}}},"2":{"name":"(anonymous_6)","decl":{"start":{"line":21,"column":4},"end":{"line":21,"column":15}},"loc":{"start":{"line":21,"column":38},"end":{"line":23,"column":5}}},"3":{"name":"(anonymous_7)","decl":{"start":{"line":27,"column":4},"end":{"line":27,"column":14}},"loc":{"start":{"line":27,"column":72},"end":{"line":29,"column":5}}},"4":{"name":"(anonymous_8)","decl":{"start":{"line":33,"column":4},"end":{"line":33,"column":18}},"loc":{"start":{"line":33,"column":41},"end":{"line":35,"column":5}}},"5":{"name":"(anonymous_9)","decl":{"start":{"line":39,"column":4},"end":{"line":39,"column":20}},"loc":{"start":{"line":39,"column":43},"end":{"line":41,"column":5}}},"6":{"name":"(anonymous_10)","decl":{"start":{"line":45,"column":10},"end":{"line":45,"column":24}},"loc":{"start":{"line":45,"column":47},"end":{"line":47,"column":5}}},"7":{"name":"(anonymous_11)","decl":{"start":{"line":14,"column":11},"end":{"line":14,"column":14}},"loc":{"start":{"line":14,"column":17},"end":{"line":14,"column":23}}},"8":{"name":"(anonymous_12)","decl":{"start":{"line":20,"column":11},"end":{"line":20,"column":14}},"loc":{"start":{"line":20,"column":17},"end":{"line":20,"column":21}}},"9":{"name":"(anonymous_13)","decl":{"start":{"line":26,"column":14},"end":{"line":26,"column":17}},"loc":{"start":{"line":26,"column":20},"end":{"line":26,"column":26}}},"10":{"name":"(anonymous_14)","decl":{"start":{"line":32,"column":14},"end":{"line":32,"column":17}},"loc":{"start":{"line":32,"column":20},"end":{"line":32,"column":26}}},"11":{"name":"(anonymous_15)","decl":{"start":{"line":38,"column":14},"end":{"line":38,"column":17}},"loc":{"start":{"line":38,"column":20},"end":{"line":38,"column":26}}},"12":{"name":"(anonymous_16)","decl":{"start":{"line":44,"column":14},"end":{"line":44,"column":17}},"loc":{"start":{"line":44,"column":20},"end":{"line":44,"column":26}}}},"branchMap":{"0":{"loc":{"start":{"line":27,"column":59},"end":{"line":27,"column":null}},"type":"cond-expr","locations":[{"start":{"line":27,"column":72},"end":{"line":27,"column":null}},{"start":{"line":27,"column":72},"end":{"line":27,"column":null}}]},"1":{"loc":{"start":{"line":27,"column":59},"end":{"line":27,"column":72}},"type":"binary-expr","locations":[{"start":{"line":27,"column":59},"end":{"line":27,"column":null}},{"start":{"line":27,"column":59},"end":{"line":27,"column":72}}]},"2":{"loc":{"start":{"line":45,"column":50},"end":{"line":45,"column":null}},"type":"cond-expr","locations":[{"start":{"line":45,"column":57},"end":{"line":45,"column":null}},{"start":{"line":45,"column":57},"end":{"line":45,"column":null}}]},"3":{"loc":{"start":{"line":45,"column":50},"end":{"line":45,"column":57}},"type":"binary-expr","locations":[{"start":{"line":45,"column":50},"end":{"line":45,"column":null}},{"start":{"line":45,"column":50},"end":{"line":45,"column":57}}]},"4":{"loc":{"start":{"line":11,"column":47},"end":{"line":11,"column":63}},"type":"cond-expr","locations":[{"start":{"line":11,"column":59},"end":{"line":11,"column":63}},{"start":{"line":11,"column":59},"end":{"line":11,"column":63}}]},"5":{"loc":{"start":{"line":11,"column":47},"end":{"line":11,"column":59}},"type":"binary-expr","locations":[{"start":{"line":11,"column":47},"end":{"line":11,"column":63}},{"start":{"line":11,"column":47},"end":{"line":11,"column":59}}]}},"s":{"0":0,"1":0,"2":0,"3":0,"4":0,"5":0,"6":0,"7":0,"8":0,"9":0,"10":0,"11":0,"12":0,"13":0,"14":0,"15":0,"16":0,"17":0,"18":0,"19":0,"20":0,"21":0,"22":0,"23":0,"24":0,"25":0,"26":0},"f":{"0":0,"1":0,"2":0,"3":0,"4":0,"5":0,"6":0,"7":0,"8":0,"9":0,"10":0,"11":0,"12":0},"b":{"0":[0,0],"1":[0,0],"2":[0,0],"3":[0,0],"4":[0,0],"5":[0,0]}}
,"C:\\Users\\danie\\Documents\\GitHub\\ToDo\\backend\\src\\users\\users.service.ts": {"path":"C:\\Users\\danie\\Documents\\GitHub\\ToDo\\backend\\src\\users\\users.service.ts","statementMap":{"0":{"start":{"line":1,"column":0},"end":{"line":1,"column":44}},"1":{"start":{"line":2,"column":0},"end":{"line":2,"column":51}},"2":{"start":{"line":3,"column":0},"end":{"line":3,"column":50}},"3":{"start":{"line":4,"column":0},"end":{"line":4,"column":46}},"4":{"start":{"line":5,"column":0},"end":{"line":5,"column":52}},"5":{"start":{"line":8,"column":0},"end":{"line":8,"column":60}},"6":{"start":{"line":9,"column":0},"end":{"line":9,"column":88}},"7":{"start":{"line":13,"column":7},"end":{"line":106,"column":null}},"8":{"start":{"line":16,"column":45},"end":{"line":16,"column":61}},"9":{"start":{"line":17,"column":45},"end":{"line":17,"column":61}},"10":{"start":{"line":22,"column":27},"end":{"line":22,"column":60}},"11":{"start":{"line":23,"column":4},"end":{"line":23,"column":null}},"12":{"start":{"line":24,"column":20},"end":{"line":24,"column":56}},"13":{"start":{"line":25,"column":4},"end":{"line":25,"column":null}},"14":{"start":{"line":25,"column":18},"end":{"line":25,"column":null}},"15":{"start":{"line":26,"column":4},"end":{"line":26,"column":19}},"16":{"start":{"line":31,"column":4},"end":{"line":31,"column":44}},"17":{"start":{"line":36,"column":17},"end":{"line":36,"column":60}},"18":{"start":{"line":37,"column":4},"end":{"line":37,"column":null}},"19":{"start":{"line":37,"column":15},"end":{"line":37,"column":null}},"20":{"start":{"line":38,"column":4},"end":{"line":38,"column":null}},"21":{"start":{"line":43,"column":17},"end":{"line":43,"column":60}},"22":{"start":{"line":44,"column":4},"end":{"line":44,"column":null}},"23":{"start":{"line":44,"column":15},"end":{"line":44,"column":null}},"24":{"start":{"line":45,"column":40},"end":{"line":45,"column":44}},"25":{"start":{"line":46,"column":4},"end":{"line":49,"column":5}},"26":{"start":{"line":47,"column":6},"end":{"line":47,"column":null}},"27":{"start":{"line":48,"column":6},"end":{"line":48,"column":null}},"28":{"start":{"line":50,"column":24},"end":{"line":50,"column":73}},"29":{"start":{"line":51,"column":4},"end":{"line":51,"column":null}},"30":{"start":{"line":51,"column":21},"end":{"line":51,"column":null}},"31":{"start":{"line":52,"column":4},"end":{"line":52,"column":43}},"32":{"start":{"line":57,"column":17},"end":{"line":57,"column":60}},"33":{"start":{"line":58,"column":18},"end":{"line":58,"column":28}},"34":{"start":{"line":59,"column":4},"end":{"line":59,"column":null}},"35":{"start":{"line":59,"column":15},"end":{"line":59,"column":null}},"36":{"start":{"line":60,"column":23},"end":{"line":60,"column":67}},"37":{"start":{"line":61,"column":24},"end":{"line":66,"column":16}},"38":{"start":{"line":67,"column":4},"end":{"line":67,"column":null}},"39":{"start":{"line":67,"column":20},"end":{"line":67,"column":null}},"40":{"start":{"line":68,"column":4},"end":{"line":68,"column":null}},"41":{"start":{"line":68,"column":21},"end":{"line":68,"column":null}},"42":{"start":{"line":69,"column":4},"end":{"line":69,"column":null}},"43":{"start":{"line":75,"column":35},"end":{"line":75,"column":125}},"44":{"start":{"line":77,"column":26},"end":{"line":77,"column":97}},"45":{"start":{"line":77,"column":65},"end":{"line":77,"column":96}},"46":{"start":{"line":79,"column":4},"end":{"line":79,"column":null}},"47":{"start":{"line":79,"column":24},"end":{"line":79,"column":null}},"48":{"start":{"line":81,"column":23},"end":{"line":81,"column":64}},"49":{"start":{"line":82,"column":24},"end":{"line":87,"column":16}},"50":{"start":{"line":88,"column":4},"end":{"line":88,"column":null}},"51":{"start":{"line":88,"column":20},"end":{"line":88,"column":null}},"52":{"start":{"line":89,"column":4},"end":{"line":89,"column":null}},"53":{"start":{"line":89,"column":21},"end":{"line":89,"column":null}},"54":{"start":{"line":90,"column":4},"end":{"line":90,"column":null}},"55":{"start":{"line":96,"column":17},"end":{"line":96,"column":60}},"56":{"start":{"line":97,"column":4},"end":{"line":97,"column":null}},"57":{"start":{"line":97,"column":15},"end":{"line":97,"column":null}},"58":{"start":{"line":98,"column":4},"end":{"line":102,"column":5}},"59":{"start":{"line":99,"column":6},"end":{"line":99,"column":45}},"60":{"start":{"line":101,"column":6},"end":{"line":101,"column":null}},"61":{"start":{"line":103,"column":4},"end":{"line":103,"column":null}},"62":{"start":{"line":13,"column":13},"end":{"line":13,"column":25}},"63":{"start":{"line":13,"column":13},"end":{"line":106,"column":null}}},"fnMap":{"0":{"name":"(anonymous_4)","decl":{"start":{"line":15,"column":2},"end":{"line":15,"column":null}},"loc":{"start":{"line":17,"column":77},"end":{"line":18,"column":7}}},"1":{"name":"(anonymous_5)","decl":{"start":{"line":21,"column":2},"end":{"line":21,"column":7}},"loc":{"start":{"line":21,"column":38},"end":{"line":27,"column":3}}},"2":{"name":"(anonymous_6)","decl":{"start":{"line":30,"column":2},"end":{"line":30,"column":7}},"loc":{"start":{"line":30,"column":20},"end":{"line":32,"column":3}}},"3":{"name":"(anonymous_7)","decl":{"start":{"line":35,"column":2},"end":{"line":35,"column":7}},"loc":{"start":{"line":35,"column":30},"end":{"line":39,"column":3}}},"4":{"name":"(anonymous_8)","decl":{"start":{"line":42,"column":2},"end":{"line":42,"column":7}},"loc":{"start":{"line":42,"column":50},"end":{"line":53,"column":3}}},"5":{"name":"(anonymous_9)","decl":{"start":{"line":56,"column":2},"end":{"line":56,"column":7}},"loc":{"start":{"line":56,"column":33},"end":{"line":70,"column":3}}},"6":{"name":"(anonymous_10)","decl":{"start":{"line":73,"column":2},"end":{"line":73,"column":7}},"loc":{"start":{"line":73,"column":35},"end":{"line":91,"column":3}}},"7":{"name":"(anonymous_11)","decl":{"start":{"line":77,"column":54},"end":{"line":77,"column":55}},"loc":{"start":{"line":77,"column":65},"end":{"line":77,"column":96}}},"8":{"name":"(anonymous_12)","decl":{"start":{"line":95,"column":2},"end":{"line":95,"column":7}},"loc":{"start":{"line":95,"column":29},"end":{"line":104,"column":3}}}},"branchMap":{"0":{"loc":{"start":{"line":25,"column":4},"end":{"line":25,"column":null}},"type":"if","locations":[{"start":{"line":25,"column":4},"end":{"line":25,"column":null}},{"start":{},"end":{}}]},"1":{"loc":{"start":{"line":37,"column":4},"end":{"line":37,"column":null}},"type":"if","locations":[{"start":{"line":37,"column":4},"end":{"line":37,"column":null}},{"start":{},"end":{}}]},"2":{"loc":{"start":{"line":44,"column":4},"end":{"line":44,"column":null}},"type":"if","locations":[{"start":{"line":44,"column":4},"end":{"line":44,"column":null}},{"start":{},"end":{}}]},"3":{"loc":{"start":{"line":46,"column":4},"end":{"line":49,"column":5}},"type":"if","locations":[{"start":{"line":46,"column":4},"end":{"line":49,"column":5}},{"start":{},"end":{}}]},"4":{"loc":{"start":{"line":51,"column":4},"end":{"line":51,"column":null}},"type":"if","locations":[{"start":{"line":51,"column":4},"end":{"line":51,"column":null}},{"start":{},"end":{}}]},"5":{"loc":{"start":{"line":59,"column":4},"end":{"line":59,"column":null}},"type":"if","locations":[{"start":{"line":59,"column":4},"end":{"line":59,"column":null}},{"start":{},"end":{}}]},"6":{"loc":{"start":{"line":67,"column":4},"end":{"line":67,"column":null}},"type":"if","locations":[{"start":{"line":67,"column":4},"end":{"line":67,"column":null}},{"start":{},"end":{}}]},"7":{"loc":{"start":{"line":68,"column":4},"end":{"line":68,"column":null}},"type":"if","locations":[{"start":{"line":68,"column":4},"end":{"line":68,"column":null}},{"start":{},"end":{}}]},"8":{"loc":{"start":{"line":79,"column":4},"end":{"line":79,"column":null}},"type":"if","locations":[{"start":{"line":79,"column":4},"end":{"line":79,"column":null}},{"start":{},"end":{}}]},"9":{"loc":{"start":{"line":88,"column":4},"end":{"line":88,"column":null}},"type":"if","locations":[{"start":{"line":88,"column":4},"end":{"line":88,"column":null}},{"start":{},"end":{}}]},"10":{"loc":{"start":{"line":89,"column":4},"end":{"line":89,"column":null}},"type":"if","locations":[{"start":{"line":89,"column":4},"end":{"line":89,"column":null}},{"start":{},"end":{}}]},"11":{"loc":{"start":{"line":97,"column":4},"end":{"line":97,"column":null}},"type":"if","locations":[{"start":{"line":97,"column":4},"end":{"line":97,"column":null}},{"start":{},"end":{}}]},"12":{"loc":{"start":{"line":16,"column":61},"end":{"line":16,"column":77}},"type":"cond-expr","locations":[{"start":{"line":16,"column":71},"end":{"line":16,"column":77}},{"start":{"line":16,"column":71},"end":{"line":16,"column":77}}]},"13":{"loc":{"start":{"line":16,"column":61},"end":{"line":16,"column":71}},"type":"binary-expr","locations":[{"start":{"line":16,"column":61},"end":{"line":16,"column":77}},{"start":{"line":16,"column":61},"end":{"line":16,"column":71}}]},"14":{"loc":{"start":{"line":16,"column":71},"end":{"line":17,"column":77}},"type":"cond-expr","locations":[{"start":{"line":17,"column":71},"end":{"line":17,"column":77}},{"start":{"line":17,"column":71},"end":{"line":17,"column":77}}]},"15":{"loc":{"start":{"line":16,"column":71},"end":{"line":17,"column":71}},"type":"binary-expr","locations":[{"start":{"line":16,"column":71},"end":{"line":17,"column":77}},{"start":{"line":17,"column":61},"end":{"line":17,"column":71}}]}},"s":{"0":2,"1":2,"2":2,"3":2,"4":2,"5":2,"6":2,"7":2,"8":12,"9":12,"10":1,"11":1,"12":1,"13":1,"14":0,"15":1,"16":1,"17":2,"18":2,"19":1,"20":1,"21":2,"22":2,"23":1,"24":1,"25":1,"26":0,"27":0,"28":1,"29":1,"30":0,"31":1,"32":2,"33":2,"34":2,"35":1,"36":1,"37":1,"38":1,"39":0,"40":1,"41":0,"42":1,"43":2,"44":2,"45":1,"46":2,"47":1,"48":1,"49":1,"50":1,"51":0,"52":1,"53":0,"54":1,"55":2,"56":2,"57":1,"58":1,"59":1,"60":0,"61":1,"62":2,"63":2},"f":{"0":12,"1":1,"2":1,"3":2,"4":2,"5":2,"6":2,"7":1,"8":2},"b":{"0":[0,1],"1":[1,1],"2":[1,1],"3":[0,1],"4":[0,1],"5":[1,1],"6":[0,1],"7":[0,1],"8":[1,1],"9":[0,1],"10":[0,1],"11":[1,1],"12":[2,0],"13":[2,2],"14":[2,0],"15":[2,2]}}
,"C:\\Users\\danie\\Documents\\GitHub\\ToDo\\backend\\src\\users\\dto\\create-user.dto.ts": {"path":"C:\\Users\\danie\\Documents\\GitHub\\ToDo\\backend\\src\\users\\dto\\create-user.dto.ts","statementMap":{"0":{"start":{"line":1,"column":0},"end":{"line":1,"column":51}},"1":{"start":{"line":2,"column":0},"end":{"line":2,"column":78}},"2":{"start":{"line":3,"column":0},"end":{"line":3,"column":42}},"3":{"start":{"line":6,"column":7},"end":{"line":31,"column":null}},"4":{"start":{"line":6,"column":13},"end":{"line":6,"column":26}},"5":{"start":{"line":13,"column":4},"end":{"line":13,"column":null}},"6":{"start":{"line":20,"column":4},"end":{"line":20,"column":null}},"7":{"start":{"line":26,"column":4},"end":{"line":26,"column":null}},"8":{"start":{"line":29,"column":4},"end":{"line":29,"column":null}},"9":{"start":{"line":6,"column":13},"end":{"line":31,"column":null}}},"fnMap":{},"branchMap":{"0":{"loc":{"start":{"line":29,"column":13},"end":{"line":29,"column":20}},"type":"cond-expr","locations":[{"start":{"line":29,"column":19},"end":{"line":29,"column":20}},{"start":{"line":29,"column":19},"end":{"line":29,"column":20}}]},"1":{"loc":{"start":{"line":29,"column":13},"end":{"line":29,"column":19}},"type":"binary-expr","locations":[{"start":{"line":29,"column":13},"end":{"line":29,"column":20}},{"start":{"line":29,"column":13},"end":{"line":29,"column":19}}]}},"s":{"0":0,"1":0,"2":0,"3":0,"4":0,"5":0,"6":0,"7":0,"8":0,"9":0},"f":{},"b":{"0":[0,0],"1":[0,0]}}
,"C:\\Users\\danie\\Documents\\GitHub\\ToDo\\backend\\src\\users\\dto\\update-user.dto.ts": {"path":"C:\\Users\\danie\\Documents\\GitHub\\ToDo\\backend\\src\\users\\dto\\update-user.dto.ts","statementMap":{"0":{"start":{"line":1,"column":0},"end":{"line":1,"column":57}},"1":{"start":{"line":2,"column":0},"end":{"line":2,"column":50}},"2":{"start":{"line":5,"column":7},"end":{"line":5,"column":null}},"3":{"start":{"line":5,"column":13},"end":{"line":5,"column":26}},"4":{"start":{"line":5,"column":13},"end":{"line":5,"column":null}}},"fnMap":{},"branchMap":{},"s":{"0":0,"1":0,"2":0,"3":0,"4":0},"f":{},"b":{}}
,"C:\\Users\\danie\\Documents\\GitHub\\ToDo\\backend\\src\\users\\entities\\user.entity.ts": {"path":"C:\\Users\\danie\\Documents\\GitHub\\ToDo\\backend\\src\\users\\entities\\user.entity.ts","statementMap":{"0":{"start":{"line":1,"column":0},"end":{"line":1,"column":94}},"1":{"start":{"line":2,"column":0},"end":{"line":2,"column":56}},"2":{"start":{"line":3,"column":0},"end":{"line":3,"column":54}},"3":{"start":{"line":4,"column":0},"end":{"line":4,"column":42}},"4":{"start":{"line":8,"column":7},"end":{"line":41,"column":null}},"5":{"start":{"line":8,"column":13},"end":{"line":8,"column":17}},"6":{"start":{"line":12,"column":4},"end":{"line":12,"column":null}},"7":{"start":{"line":11,"column":17},"end":{"line":11,"column":19}},"8":{"start":{"line":16,"column":4},"end":{"line":16,"column":null}},"9":{"start":{"line":15,"column":17},"end":{"line":15,"column":23}},"10":{"start":{"line":20,"column":4},"end":{"line":20,"column":null}},"11":{"start":{"line":19,"column":17},"end":{"line":19,"column":23}},"12":{"start":{"line":24,"column":4},"end":{"line":24,"column":null}},"13":{"start":{"line":23,"column":17},"end":{"line":23,"column":23}},"14":{"start":{"line":28,"column":4},"end":{"line":28,"column":null}},"15":{"start":{"line":27,"column":17},"end":{"line":27,"column":23}},"16":{"start":{"line":32,"column":4},"end":{"line":32,"column":null}},"17":{"start":{"line":31,"column":17},"end":{"line":31,"column":21}},"18":{"start":{"line":40,"column":4},"end":{"line":40,"column":null}},"19":{"start":{"line":34,"column":21},"end":{"line":34,"column":25}},"20":{"start":{"line":34,"column":37},"end":{"line":34,"column":46}},"21":{"start":{"line":39,"column":17},"end":{"line":39,"column":23}},"22":{"start":{"line":8,"column":13},"end":{"line":41,"column":null}}},"fnMap":{"0":{"name":"(anonymous_2)","decl":{"start":{"line":11,"column":11},"end":{"line":11,"column":14}},"loc":{"start":{"line":11,"column":17},"end":{"line":11,"column":19}}},"1":{"name":"(anonymous_3)","decl":{"start":{"line":15,"column":11},"end":{"line":15,"column":14}},"loc":{"start":{"line":15,"column":17},"end":{"line":15,"column":23}}},"2":{"name":"(anonymous_4)","decl":{"start":{"line":19,"column":11},"end":{"line":19,"column":14}},"loc":{"start":{"line":19,"column":17},"end":{"line":19,"column":23}}},"3":{"name":"(anonymous_5)","decl":{"start":{"line":23,"column":11},"end":{"line":23,"column":14}},"loc":{"start":{"line":23,"column":17},"end":{"line":23,"column":23}}},"4":{"name":"(anonymous_6)","decl":{"start":{"line":27,"column":11},"end":{"line":27,"column":14}},"loc":{"start":{"line":27,"column":17},"end":{"line":27,"column":23}}},"5":{"name":"(anonymous_7)","decl":{"start":{"line":31,"column":11},"end":{"line":31,"column":14}},"loc":{"start":{"line":31,"column":17},"end":{"line":31,"column":21}}},"6":{"name":"(anonymous_8)","decl":{"start":{"line":34,"column":15},"end":{"line":34,"column":18}},"loc":{"start":{"line":34,"column":21},"end":{"line":34,"column":25}}},"7":{"name":"(anonymous_9)","decl":{"start":{"line":34,"column":27},"end":{"line":34,"column":28}},"loc":{"start":{"line":34,"column":37},"end":{"line":34,"column":46}}},"8":{"name":"(anonymous_10)","decl":{"start":{"line":39,"column":11},"end":{"line":39,"column":14}},"loc":{"start":{"line":39,"column":17},"end":{"line":39,"column":23}}}},"branchMap":{"0":{"loc":{"start":{"line":28,"column":13},"end":{"line":28,"column":20}},"type":"cond-expr","locations":[{"start":{"line":28,"column":19},"end":{"line":28,"column":20}},{"start":{"line":28,"column":19},"end":{"line":28,"column":20}}]},"1":{"loc":{"start":{"line":28,"column":13},"end":{"line":28,"column":19}},"type":"binary-expr","locations":[{"start":{"line":28,"column":13},"end":{"line":28,"column":20}},{"start":{"line":28,"column":13},"end":{"line":28,"column":19}}]}},"s":{"0":4,"1":4,"2":4,"3":4,"4":4,"5":4,"6":4,"7":0,"8":4,"9":0,"10":4,"11":0,"12":4,"13":0,"14":4,"15":0,"16":4,"17":0,"18":4,"19":0,"20":0,"21":0,"22":4},"f":{"0":0,"1":0,"2":0,"3":0,"4":0,"5":0,"6":0,"7":0,"8":0},"b":{"0":[0,4],"1":[4,4]}}
,"C:\\Users\\danie\\Documents\\GitHub\\ToDo\\backend\\src\\users\\scripts\\types.ts": {"path":"C:\\Users\\danie\\Documents\\GitHub\\ToDo\\backend\\src\\users\\scripts\\types.ts","statementMap":{"0":{"start":{"line":1,"column":0},"end":{"line":1,"column":null}},"1":{"start":{"line":2,"column":4},"end":{"line":2,"column":null}},"2":{"start":{"line":3,"column":4},"end":{"line":3,"column":null}}},"fnMap":{"0":{"name":"(anonymous_0)","decl":{"start":{"line":1,"column":0},"end":{"line":1,"column":12}},"loc":{"start":{"line":1,"column":18},"end":{"line":4,"column":1}}}},"branchMap":{"0":{"loc":{"start":{"line":1,"column":12},"end":{"line":1,"column":null}},"type":"binary-expr","locations":[{"start":{"line":1,"column":12},"end":{"line":1,"column":18}},{"start":{"line":1,"column":18},"end":{"line":1,"column":null}}]}},"s":{"0":4,"1":4,"2":4},"f":{"0":4},"b":{"0":[4,4]}}
,"C:\\Users\\danie\\Documents\\GitHub\\ToDo\\backend\\src\\users\\scripts\\users.scripts.ts": {"path":"C:\\Users\\danie\\Documents\\GitHub\\ToDo\\backend\\src\\users\\scripts\\users.scripts.ts","statementMap":{"0":{"start":{"line":3,"column":0},"end":{"line":3,"column":83}},"1":{"start":{"line":7,"column":27},"end":{"line":9,"column":1}},"2":{"start":{"line":8,"column":4},"end":{"line":8,"column":null}},"3":{"start":{"line":15,"column":9},"end":{"line":15,"column":27}},"4":{"start":{"line":11,"column":34},"end":{"line":13,"column":1}},"5":{"start":{"line":12,"column":4},"end":{"line":12,"column":null}},"6":{"start":{"line":15,"column":29},"end":{"line":15,"column":54}}},"fnMap":{"0":{"name":"(anonymous_0)","decl":{"start":{"line":7,"column":27},"end":{"line":7,"column":28}},"loc":{"start":{"line":7,"column":54},"end":{"line":9,"column":1}}},"1":{"name":"(anonymous_1)","decl":{"start":{"line":11,"column":34},"end":{"line":11,"column":35}},"loc":{"start":{"line":11,"column":61},"end":{"line":13,"column":1}}}},"branchMap":{},"s":{"0":2,"1":2,"2":5,"3":2,"4":2,"5":0,"6":2},"f":{"0":5,"1":0},"b":{}}
}
