TN:
SF:src\app.controller.ts
FN:7,(anonymous_2)
FN:10,(anonymous_3)
FNF:2
FNH:2
FNDA:1,(anonymous_2)
FNDA:1,(anonymous_3)
DA:1,1
DA:2,1
DA:6,1
DA:7,1
DA:10,1
DA:11,1
LF:6
LH:6
BRDA:7,0,0,1
BRDA:7,0,1,0
BRDA:7,1,0,1
BRDA:7,1,1,1
BRF:4
BRH:3
end_of_record
TN:
SF:src\app.module.ts
FNF:0
FNH:0
DA:1,0
DA:2,0
DA:3,0
DA:4,0
DA:5,0
DA:6,0
DA:7,0
DA:8,0
DA:22,0
LF:9
LH:0
BRF:0
BRH:0
end_of_record
TN:
SF:src\app.service.ts
FN:5,(anonymous_1)
FNF:1
FNH:1
FNDA:1,(anonymous_1)
DA:1,1
DA:4,1
DA:6,1
LF:3
LH:3
BRF:0
BRH:0
end_of_record
TN:
SF:src\main.ts
FN:8,bootstrap
FNF:1
FNH:0
FNDA:0,bootstrap
DA:1,0
DA:2,0
DA:3,0
DA:4,0
DA:6,0
DA:9,0
DA:10,0
DA:11,0
DA:12,0
DA:17,0
DA:18,0
DA:19,0
DA:21,0
LF:13
LH:0
BRDA:10,0,0,0
BRDA:10,0,1,0
BRDA:11,1,0,0
BRDA:11,1,1,0
BRF:4
BRH:0
end_of_record
TN:
SF:src\auth\auth.module.ts
FNF:0
FNH:0
DA:1,0
DA:2,0
DA:3,0
DA:4,0
DA:5,0
DA:6,0
DA:7,0
DA:8,0
DA:9,0
DA:23,0
LF:10
LH:0
BRF:0
BRH:0
end_of_record
TN:
SF:src\auth\auth.resolver.ts
FN:13,(anonymous_4)
FN:20,(anonymous_5)
FN:30,(anonymous_6)
FN:38,(anonymous_7)
FN:44,(anonymous_8)
FN:54,(anonymous_9)
FN:19,(anonymous_10)
FN:29,(anonymous_11)
FN:37,(anonymous_12)
FN:43,(anonymous_13)
FN:53,(anonymous_14)
FNF:11
FNH:0
FNDA:0,(anonymous_4)
FNDA:0,(anonymous_5)
FNDA:0,(anonymous_6)
FNDA:0,(anonymous_7)
FNDA:0,(anonymous_8)
FNDA:0,(anonymous_9)
FNDA:0,(anonymous_10)
FNDA:0,(anonymous_11)
FNDA:0,(anonymous_12)
FNDA:0,(anonymous_13)
FNDA:0,(anonymous_14)
DA:1,0
DA:2,0
DA:3,0
DA:4,0
DA:5,0
DA:6,0
DA:7,0
DA:8,0
DA:11,0
DA:14,0
DA:15,0
DA:19,0
DA:20,0
DA:24,0
DA:25,0
DA:29,0
DA:30,0
DA:34,0
DA:37,0
DA:38,0
DA:39,0
DA:40,0
DA:43,0
DA:44,0
DA:45,0
DA:46,0
DA:47,0
DA:48,0
DA:50,0
DA:53,0
DA:54,0
DA:55,0
DA:56,0
LF:33
LH:0
BRDA:47,0,0,0
BRDA:47,0,1,0
BRDA:21,1,0,0
BRDA:21,1,1,0
BRDA:21,2,0,0
BRDA:21,2,1,0
BRDA:23,3,0,0
BRDA:23,3,1,0
BRDA:23,4,0,0
BRDA:23,4,1,0
BRDA:31,5,0,0
BRDA:31,5,1,0
BRDA:31,6,0,0
BRDA:31,6,1,0
BRDA:33,7,0,0
BRDA:33,7,1,0
BRDA:33,8,0,0
BRDA:33,8,1,0
BRDA:38,9,0,0
BRDA:38,9,1,0
BRDA:38,10,0,0
BRDA:38,10,1,0
BRDA:44,11,0,0
BRDA:44,11,1,0
BRDA:44,12,0,0
BRDA:44,12,1,0
BRDA:54,13,0,0
BRDA:54,13,1,0
BRDA:54,14,0,0
BRDA:54,14,1,0
BRDA:14,15,0,0
BRDA:14,15,1,0
BRDA:14,16,0,0
BRDA:14,16,1,0
BRDA:14,17,0,0
BRDA:14,17,1,0
BRDA:14,18,0,0
BRDA:14,18,1,0
BRF:38
BRH:0
end_of_record
TN:
SF:src\auth\auth.service.ts
FN:15,(anonymous_4)
FN:22,(anonymous_5)
FN:40,(anonymous_6)
FN:65,(anonymous_7)
FN:69,(anonymous_8)
FNF:5
FNH:5
FNDA:10,(anonymous_4)
FNDA:3,(anonymous_5)
FNDA:3,(anonymous_6)
FNDA:2,(anonymous_7)
FNDA:2,(anonymous_8)
DA:1,1
DA:2,1
DA:3,1
DA:4,1
DA:7,1
DA:8,1
DA:9,1
DA:10,1
DA:14,1
DA:16,10
DA:17,10
DA:18,10
DA:23,3
DA:24,3
DA:25,3
DA:26,1
DA:28,2
DA:29,2
DA:31,1
DA:32,1
DA:34,1
DA:36,1
DA:41,3
DA:42,3
DA:43,3
DA:44,2
DA:45,1
DA:47,1
DA:50,1
DA:51,1
DA:52,1
DA:54,1
DA:55,1
DA:57,1
DA:58,1
DA:60,1
DA:62,1
DA:66,2
DA:70,2
DA:72,2
DA:74,2
DA:75,1
DA:78,1
DA:79,1
DA:80,1
DA:82,1
LF:46
LH:46
BRDA:25,0,0,1
BRDA:25,0,1,2
BRDA:29,1,0,1
BRDA:29,1,1,1
BRDA:43,2,0,2
BRDA:43,2,1,1
BRDA:44,3,0,1
BRDA:44,3,1,1
BRDA:52,4,0,0
BRDA:52,4,1,1
BRDA:55,5,0,0
BRDA:55,5,1,1
BRDA:74,6,0,1
BRDA:74,6,1,1
BRDA:16,7,0,1
BRDA:16,7,1,0
BRDA:16,8,0,1
BRDA:16,8,1,1
BRDA:16,9,0,1
BRDA:16,9,1,0
BRDA:16,10,0,1
BRDA:16,10,1,1
BRDA:17,11,0,1
BRDA:17,11,1,0
BRDA:17,12,0,1
BRDA:17,12,1,1
BRF:26
BRH:21
end_of_record
TN:
SF:src\auth\JWT\constants.ts
FNF:0
FNH:0
DA:1,1
DA:3,1
DA:5,1
LF:3
LH:3
BRF:0
BRH:0
end_of_record
TN:
SF:src\auth\dto\auth-login.dto.ts
FNF:0
FNH:0
DA:1,0
DA:2,0
DA:5,0
DA:12,0
DA:19,0
LF:5
LH:0
BRF:0
BRH:0
end_of_record
TN:
SF:src\auth\guard\auth.guard.ts
FN:9,(anonymous_2)
FN:11,(anonymous_3)
FNF:2
FNH:0
FNDA:0,(anonymous_2)
FNDA:0,(anonymous_3)
DA:1,0
DA:2,0
DA:3,0
DA:8,0
DA:9,0
DA:12,0
DA:13,0
DA:15,0
DA:16,0
DA:18,0
LF:10
LH:0
BRDA:9,0,0,0
BRDA:9,0,1,0
BRDA:9,1,0,0
BRDA:9,1,1,0
BRF:4
BRH:0
end_of_record
TN:
SF:src\auth\scripts\auth-cookies.service.ts
FN:8,(anonymous_2)
FN:10,(anonymous_3)
FN:14,(anonymous_4)
FN:31,(anonymous_5)
FN:35,(anonymous_6)
FNF:5
FNH:0
FNDA:0,(anonymous_2)
FNDA:0,(anonymous_3)
FNDA:0,(anonymous_4)
FNDA:0,(anonymous_5)
FNDA:0,(anonymous_6)
DA:1,1
DA:2,1
DA:3,1
DA:7,1
DA:8,0
DA:11,0
DA:15,0
DA:17,0
DA:18,0
DA:21,0
DA:22,0
DA:25,0
DA:27,0
DA:32,0
DA:36,0
LF:15
LH:4
BRDA:17,0,0,0
BRDA:17,0,1,0
BRDA:8,1,0,1
BRDA:8,1,1,0
BRDA:8,2,0,1
BRDA:8,2,1,1
BRF:6
BRH:3
end_of_record
TN:
SF:src\auth\scripts\auth.scripts.ts
FN:5,hashPassword
FN:11,verifyHashPassword
FN:16,setTokenCookie
FNF:3
FNH:2
FNDA:2,hashPassword
FNDA:2,verifyHashPassword
FNDA:0,setTokenCookie
DA:1,3
DA:6,2
DA:7,2
DA:8,2
DA:12,2
DA:13,2
DA:17,0
DA:26,3
LF:8
LH:7
BRF:0
BRH:0
end_of_record
TN:
SF:src\auth\scripts\auth.types.ts
FNF:0
FNH:0
DA:2,0
DA:28,0
DA:30,0
DA:34,0
DA:36,0
DA:38,0
LF:6
LH:0
BRF:0
BRH:0
end_of_record
TN:
SF:src\database-connection\database.module.ts
FN:15,(anonymous_2)
FNF:1
FNH:0
FNDA:0,(anonymous_2)
DA:1,0
DA:2,0
DA:3,0
DA:4,0
DA:15,0
DA:25,0
LF:6
LH:0
BRF:0
BRH:0
end_of_record
TN:
SF:src\database-connection\config\configuration.ts
FN:1,(anonymous_0)
FNF:1
FNH:0
FNDA:0,(anonymous_0)
DA:1,0
LF:1
LH:0
BRF:0
BRH:0
end_of_record
TN:
SF:src\database-connection\config\data-source.ts
FNF:0
FNH:0
DA:1,0
DA:2,0
DA:4,0
DA:6,0
LF:4
LH:0
BRDA:9,0,0,0
BRDA:9,0,1,0
BRF:2
BRH:0
end_of_record
TN:
SF:src\database-connection\database\1775079887893-migrations.ts
FN:6,(anonymous_0)
FN:12,(anonymous_1)
FNF:2
FNH:0
FNDA:0,(anonymous_0)
FNDA:0,(anonymous_1)
DA:3,0
DA:4,0
DA:7,0
DA:8,0
DA:9,0
DA:13,0
DA:14,0
DA:15,0
LF:8
LH:0
BRF:0
BRH:0
end_of_record
TN:
SF:src\graph-ql\graph-ql.module.ts
FN:16,(anonymous_1)
FNF:1
FNH:0
FNDA:0,(anonymous_1)
DA:1,0
DA:3,0
DA:4,0
DA:5,0
DA:6,0
DA:16,0
DA:20,0
LF:7
LH:0
BRF:0
BRH:0
end_of_record
TN:
SF:src\graphql\enums\task-status.enum.ts
FN:9,(anonymous_0)
FNF:1
FNH:0
FNDA:0,(anonymous_0)
DA:1,0
DA:2,0
DA:4,0
DA:9,0
LF:4
LH:0
BRF:0
BRH:0
end_of_record
TN:
SF:src\task\task.module.ts
FNF:0
FNH:0
DA:1,0
DA:2,0
DA:3,0
DA:4,0
DA:5,0
DA:6,0
DA:7,0
DA:20,0
LF:8
LH:0
BRF:0
BRH:0
end_of_record
TN:
SF:src\task\task.resolver.ts
FN:14,(anonymous_4)
FN:19,(anonymous_5)
FN:25,(anonymous_6)
FN:31,(anonymous_7)
FN:37,(anonymous_8)
FN:43,(anonymous_9)
FN:49,(anonymous_10)
FN:18,(anonymous_11)
FN:24,(anonymous_12)
FN:30,(anonymous_13)
FN:36,(anonymous_14)
FN:42,(anonymous_15)
FN:48,(anonymous_16)
FNF:13
FNH:0
FNDA:0,(anonymous_4)
FNDA:0,(anonymous_5)
FNDA:0,(anonymous_6)
FNDA:0,(anonymous_7)
FNDA:0,(anonymous_8)
FNDA:0,(anonymous_9)
FNDA:0,(anonymous_10)
FNDA:0,(anonymous_11)
FNDA:0,(anonymous_12)
FNDA:0,(anonymous_13)
FNDA:0,(anonymous_14)
FNDA:0,(anonymous_15)
FNDA:0,(anonymous_16)
DA:1,0
DA:2,0
DA:3,0
DA:4,0
DA:5,0
DA:6,0
DA:7,0
DA:12,0
DA:14,0
DA:18,0
DA:19,0
DA:20,0
DA:24,0
DA:25,0
DA:26,0
DA:30,0
DA:31,0
DA:32,0
DA:36,0
DA:37,0
DA:38,0
DA:42,0
DA:43,0
DA:44,0
DA:48,0
DA:49,0
DA:50,0
DA:51,0
LF:28
LH:0
BRDA:19,0,0,0
BRDA:19,0,1,0
BRDA:19,1,0,0
BRDA:19,1,1,0
BRDA:37,2,0,0
BRDA:37,2,1,0
BRDA:37,3,0,0
BRDA:37,3,1,0
BRDA:49,4,0,0
BRDA:49,4,1,0
BRDA:49,5,0,0
BRDA:49,5,1,0
BRDA:14,6,0,0
BRDA:14,6,1,0
BRDA:14,7,0,0
BRDA:14,7,1,0
BRF:16
BRH:0
end_of_record
TN:
SF:src\task\task.service.ts
FN:14,(anonymous_4)
FN:19,(anonymous_5)
FN:33,(anonymous_6)
FN:42,(anonymous_7)
FN:52,(anonymous_8)
FN:67,(anonymous_9)
FN:81,(anonymous_10)
FNF:7
FNH:7
FNDA:13,(anonymous_4)
FNDA:2,(anonymous_5)
FNDA:2,(anonymous_6)
FNDA:3,(anonymous_7)
FNDA:2,(anonymous_8)
FNDA:2,(anonymous_9)
FNDA:2,(anonymous_10)
DA:1,1
DA:2,1
DA:3,1
DA:6,1
DA:7,1
DA:8,1
DA:12,1
DA:15,13
DA:16,13
DA:20,2
DA:21,2
DA:22,1
DA:23,1
DA:24,1
DA:26,0
DA:28,1
DA:34,2
DA:35,2
DA:36,1
DA:37,1
DA:38,1
DA:43,3
DA:44,3
DA:45,2
DA:46,1
DA:48,1
DA:53,2
DA:54,2
DA:55,2
DA:56,1
DA:58,1
DA:59,1
DA:61,0
DA:63,1
DA:68,2
DA:69,2
DA:70,2
DA:71,1
DA:73,1
DA:74,1
DA:76,0
DA:78,1
DA:82,2
DA:83,2
DA:86,2
DA:87,0
DA:90,2
DA:91,2
DA:97,0
DA:99,2
LF:50
LH:45
BRDA:21,0,0,1
BRDA:21,0,1,1
BRDA:35,1,0,1
BRDA:35,1,1,1
BRDA:37,2,0,0
BRDA:37,2,1,1
BRDA:44,3,0,1
BRDA:44,3,1,2
BRDA:45,4,0,1
BRDA:45,4,1,1
BRDA:54,5,0,0
BRDA:54,5,1,2
BRDA:55,6,0,1
BRDA:55,6,1,1
BRDA:69,7,0,0
BRDA:69,7,1,2
BRDA:70,8,0,1
BRDA:70,8,1,1
BRDA:83,9,0,0
BRDA:83,9,1,2
BRDA:86,10,0,0
BRDA:86,10,1,2
BRDA:93,11,0,2
BRDA:93,11,1,0
BRDA:94,12,0,1
BRDA:94,12,1,1
BRDA:15,13,0,1
BRDA:15,13,1,0
BRDA:15,14,0,1
BRDA:15,14,1,1
BRDA:15,15,0,1
BRDA:15,15,1,0
BRDA:15,16,0,1
BRDA:15,16,1,1
BRF:34
BRH:26
end_of_record
TN:
SF:src\task\dto\create-task.dto.ts
FN:25,(anonymous_2)
FN:28,(anonymous_3)
FNF:2
FNH:0
FNDA:0,(anonymous_2)
FNDA:0,(anonymous_3)
DA:1,0
DA:2,0
DA:3,0
DA:7,0
DA:14,0
DA:18,0
DA:23,0
DA:25,0
DA:26,0
DA:28,0
DA:29,0
LF:11
LH:0
BRDA:18,0,0,0
BRDA:18,0,1,0
BRDA:18,1,0,0
BRDA:18,1,1,0
BRDA:26,2,0,0
BRDA:26,2,1,0
BRDA:26,3,0,0
BRDA:26,3,1,0
BRF:8
BRH:0
end_of_record
TN:
SF:src\task\dto\update-task.dto.ts
FNF:0
FNH:0
DA:1,0
DA:2,0
DA:5,0
LF:3
LH:0
BRF:0
BRH:0
end_of_record
TN:
SF:src\task\entities\task.entity.ts
FN:11,(anonymous_2)
FN:14,(anonymous_3)
FN:14,(anonymous_4)
FN:19,(anonymous_5)
FN:27,(anonymous_6)
FN:31,(anonymous_7)
FN:35,(anonymous_8)
FNF:7
FNH:0
FNDA:0,(anonymous_2)
FNDA:0,(anonymous_3)
FNDA:0,(anonymous_4)
FNDA:0,(anonymous_5)
FNDA:0,(anonymous_6)
FNDA:0,(anonymous_7)
FNDA:0,(anonymous_8)
DA:1,4
DA:2,4
DA:3,4
DA:4,4
DA:8,4
DA:11,0
DA:12,4
DA:14,0
DA:16,4
DA:19,0
DA:20,4
DA:24,4
DA:27,0
DA:28,4
DA:31,0
DA:32,4
DA:35,0
DA:36,4
DA:39,4
LF:19
LH:13
BRDA:16,0,0,1
BRDA:16,0,1,3
BRDA:16,1,0,4
BRDA:16,1,1,1
BRDA:24,2,0,0
BRDA:24,2,1,4
BRDA:24,3,0,4
BRDA:24,3,1,4
BRDA:32,4,0,0
BRDA:32,4,1,4
BRDA:32,5,0,4
BRDA:32,5,1,4
BRF:12
BRH:10
end_of_record
TN:
SF:src\task\scripts\task.scripts.ts
FN:7,(anonymous_0)
FN:11,(anonymous_1)
FN:15,(anonymous_2)
FNF:3
FNH:2
FNDA:4,(anonymous_0)
FNDA:0,(anonymous_1)
FNDA:3,(anonymous_2)
DA:4,2
DA:7,2
DA:8,4
DA:11,2
DA:12,0
DA:15,2
DA:16,3
DA:19,2
LF:8
LH:7
BRF:0
BRH:0
end_of_record
TN:
SF:src\task\scripts\task.types.ts
FN:4,(anonymous_0)
FN:11,(anonymous_1)
FNF:2
FNH:2
FNDA:4,(anonymous_0)
FNDA:4,(anonymous_1)
DA:4,4
DA:5,4
DA:6,4
DA:7,4
DA:8,4
DA:11,4
DA:12,4
DA:13,4
DA:14,4
DA:15,4
LF:10
LH:10
BRDA:4,0,0,4
BRDA:4,0,1,4
BRDA:11,1,0,4
BRDA:11,1,1,4
BRF:4
BRH:4
end_of_record
TN:
SF:src\users\users.controller.ts
FN:7,(anonymous_4)
FN:11,(anonymous_5)
FNF:2
FNH:2
FNDA:2,(anonymous_4)
FNDA:2,(anonymous_5)
DA:1,1
DA:2,1
DA:5,1
DA:7,2
DA:11,1
DA:12,2
LF:6
LH:6
BRDA:7,0,0,1
BRDA:7,0,1,0
BRDA:7,1,0,1
BRDA:7,1,1,1
BRF:4
BRH:3
end_of_record
TN:
SF:src\users\users.module.ts
FNF:0
FNH:0
DA:1,0
DA:2,0
DA:3,0
DA:4,0
DA:5,0
DA:6,0
DA:7,0
DA:8,0
DA:18,0
LF:9
LH:0
BRF:0
BRH:0
end_of_record
TN:
SF:src\users\users.resolver.ts
FN:11,(anonymous_4)
FN:15,(anonymous_5)
FN:21,(anonymous_6)
FN:27,(anonymous_7)
FN:33,(anonymous_8)
FN:39,(anonymous_9)
FN:45,(anonymous_10)
FN:14,(anonymous_11)
FN:20,(anonymous_12)
FN:26,(anonymous_13)
FN:32,(anonymous_14)
FN:38,(anonymous_15)
FN:44,(anonymous_16)
FNF:13
FNH:0
FNDA:0,(anonymous_4)
FNDA:0,(anonymous_5)
FNDA:0,(anonymous_6)
FNDA:0,(anonymous_7)
FNDA:0,(anonymous_8)
FNDA:0,(anonymous_9)
FNDA:0,(anonymous_10)
FNDA:0,(anonymous_11)
FNDA:0,(anonymous_12)
FNDA:0,(anonymous_13)
FNDA:0,(anonymous_14)
FNDA:0,(anonymous_15)
FNDA:0,(anonymous_16)
DA:1,0
DA:2,0
DA:3,0
DA:4,0
DA:5,0
DA:8,0
DA:11,0
DA:14,0
DA:15,0
DA:16,0
DA:20,0
DA:21,0
DA:22,0
DA:26,0
DA:27,0
DA:28,0
DA:32,0
DA:33,0
DA:34,0
DA:38,0
DA:39,0
DA:40,0
DA:44,0
DA:45,0
DA:46,0
LF:25
LH:0
BRDA:27,0,0,0
BRDA:27,0,1,0
BRDA:27,1,0,0
BRDA:27,1,1,0
BRDA:45,2,0,0
BRDA:45,2,1,0
BRDA:45,3,0,0
BRDA:45,3,1,0
BRDA:11,4,0,0
BRDA:11,4,1,0
BRDA:11,5,0,0
BRDA:11,5,1,0
BRF:12
BRH:0
end_of_record
TN:
SF:src\users\users.service.ts
FN:15,(anonymous_4)
FN:21,(anonymous_5)
FN:30,(anonymous_6)
FN:35,(anonymous_7)
FN:42,(anonymous_8)
FN:56,(anonymous_9)
FN:73,(anonymous_10)
FN:77,(anonymous_11)
FN:95,(anonymous_12)
FNF:9
FNH:9
FNDA:12,(anonymous_4)
FNDA:1,(anonymous_5)
FNDA:1,(anonymous_6)
FNDA:2,(anonymous_7)
FNDA:2,(anonymous_8)
FNDA:2,(anonymous_9)
FNDA:2,(anonymous_10)
FNDA:1,(anonymous_11)
FNDA:2,(anonymous_12)
DA:1,2
DA:2,2
DA:3,2
DA:4,2
DA:5,2
DA:8,2
DA:9,2
DA:13,2
DA:16,12
DA:17,12
DA:22,1
DA:23,1
DA:24,1
DA:25,1
DA:26,1
DA:31,1
DA:36,2
DA:37,2
DA:38,1
DA:43,2
DA:44,2
DA:45,1
DA:46,1
DA:47,0
DA:48,0
DA:50,1
DA:51,1
DA:52,1
DA:57,2
DA:58,2
DA:59,2
DA:60,1
DA:61,1
DA:67,1
DA:68,1
DA:69,1
DA:75,2
DA:77,2
DA:79,2
DA:81,1
DA:82,1
DA:88,1
DA:89,1
DA:90,1
DA:96,2
DA:97,2
DA:98,1
DA:99,1
DA:101,0
DA:103,1
LF:50
LH:47
BRDA:25,0,0,0
BRDA:25,0,1,1
BRDA:37,1,0,1
BRDA:37,1,1,1
BRDA:44,2,0,1
BRDA:44,2,1,1
BRDA:46,3,0,0
BRDA:46,3,1,1
BRDA:51,4,0,0
BRDA:51,4,1,1
BRDA:59,5,0,1
BRDA:59,5,1,1
BRDA:67,6,0,0
BRDA:67,6,1,1
BRDA:68,7,0,0
BRDA:68,7,1,1
BRDA:79,8,0,1
BRDA:79,8,1,1
BRDA:88,9,0,0
BRDA:88,9,1,1
BRDA:89,10,0,0
BRDA:89,10,1,1
BRDA:97,11,0,1
BRDA:97,11,1,1
BRDA:16,12,0,2
BRDA:16,12,1,0
BRDA:16,13,0,2
BRDA:16,13,1,2
BRDA:16,14,0,2
BRDA:16,14,1,0
BRDA:16,15,0,2
BRDA:16,15,1,2
BRF:32
BRH:23
end_of_record
TN:
SF:src\users\dto\create-user.dto.ts
FNF:0
FNH:0
DA:1,0
DA:2,0
DA:3,0
DA:6,0
DA:13,0
DA:20,0
DA:26,0
DA:29,0
LF:8
LH:0
BRDA:29,0,0,0
BRDA:29,0,1,0
BRDA:29,1,0,0
BRDA:29,1,1,0
BRF:4
BRH:0
end_of_record
TN:
SF:src\users\dto\update-user.dto.ts
FNF:0
FNH:0
DA:1,0
DA:2,0
DA:5,0
LF:3
LH:0
BRF:0
BRH:0
end_of_record
TN:
SF:src\users\entities\user.entity.ts
FN:11,(anonymous_2)
FN:15,(anonymous_3)
FN:19,(anonymous_4)
FN:23,(anonymous_5)
FN:27,(anonymous_6)
FN:31,(anonymous_7)
FN:34,(anonymous_8)
FN:34,(anonymous_9)
FN:39,(anonymous_10)
FNF:9
FNH:0
FNDA:0,(anonymous_2)
FNDA:0,(anonymous_3)
FNDA:0,(anonymous_4)
FNDA:0,(anonymous_5)
FNDA:0,(anonymous_6)
FNDA:0,(anonymous_7)
FNDA:0,(anonymous_8)
FNDA:0,(anonymous_9)
FNDA:0,(anonymous_10)
DA:1,4
DA:2,4
DA:3,4
DA:4,4
DA:8,4
DA:11,0
DA:12,4
DA:15,0
DA:16,4
DA:19,0
DA:20,4
DA:23,0
DA:24,4
DA:27,0
DA:28,4
DA:31,0
DA:32,4
DA:34,0
DA:39,0
DA:40,4
LF:20
LH:12
BRDA:28,0,0,0
BRDA:28,0,1,4
BRDA:28,1,0,4
BRDA:28,1,1,4
BRF:4
BRH:3
end_of_record
TN:
SF:src\users\scripts\types.ts
FN:1,(anonymous_0)
FNF:1
FNH:1
FNDA:4,(anonymous_0)
DA:1,4
DA:2,4
DA:3,4
LF:3
LH:3
BRDA:1,0,0,4
BRDA:1,0,1,4
BRF:2
BRH:2
end_of_record
TN:
SF:src\users\scripts\users.scripts.ts
FN:7,(anonymous_0)
FN:11,(anonymous_1)
FNF:2
FNH:1
FNDA:5,(anonymous_0)
FNDA:0,(anonymous_1)
DA:3,2
DA:7,2
DA:8,5
DA:11,2
DA:12,0
DA:15,2
LF:6
LH:5
BRF:0
BRH:0
end_of_record
